2020-03-05 15:38:00,083 myunit.py[line:8] INFO =====setUp====
2020-03-05 15:38:05,236 loginView.py[line:16] INFO ============login_action==============
2020-03-05 15:38:05,236 loginView.py[line:17] INFO username is:admin
2020-03-05 15:38:05,279 loginView.py[line:20] INFO password is:123456
2020-03-05 15:38:05,333 loginView.py[line:23] INFO click loginBtn
2020-03-05 15:38:12,946 loginView.py[line:25] INFO login finished!
2020-03-05 15:38:12,946 loginView.py[line:37] INFO ====check_loginStatus======
2020-03-05 15:38:12,964 loginView.py[line:46] INFO login success!
2020-03-05 15:38:25,667 add_company.py[line:56] INFO 新增管护单位的责任主体名称是：1478
2020-03-05 15:38:51,612 test_sqdwbg.py[line:60] INFO Application_Failed!
2020-03-05 15:38:51,613 common_fun.py[line:17] INFO get screenshot application failed
2020-03-05 15:38:52,026 myunit.py[line:8] INFO =====setUp====
2020-03-05 15:38:57,166 loginView.py[line:16] INFO ============login_action==============
2020-03-05 15:38:57,166 loginView.py[line:17] INFO username is:admin
2020-03-05 15:38:57,213 loginView.py[line:20] INFO password is:123456
2020-03-05 15:38:57,268 loginView.py[line:23] INFO click loginBtn
2020-03-05 15:39:04,755 loginView.py[line:25] INFO login finished!
2020-03-05 15:39:04,756 loginView.py[line:37] INFO ====check_loginStatus======
2020-03-05 15:39:04,778 loginView.py[line:46] INFO login success!
2020-03-05 15:39:17,408 add_company.py[line:56] INFO 新增管护单位的责任主体名称是：1364
2020-03-05 15:39:48,897 test_sqdwbg.py[line:53] INFO Application_Failed!
2020-03-05 15:39:48,897 common_fun.py[line:17] INFO get screenshot application failed
2020-03-05 17:00:53,823 loginView.py[line:16] INFO ============login_action==============
2020-03-05 17:00:53,823 loginView.py[line:17] INFO username is:admin
2020-03-05 17:00:53,871 loginView.py[line:20] INFO password is:123456
2020-03-05 17:00:53,928 loginView.py[line:23] INFO click loginBtn
2020-03-05 17:01:00,800 loginView.py[line:25] INFO login finished!
2020-03-05 17:01:00,800 loginView.py[line:37] INFO ====check_loginStatus======
2020-03-05 17:01:00,815 loginView.py[line:46] INFO login success!
2020-03-05 17:02:06,048 loginView.py[line:16] INFO ============login_action==============
2020-03-05 17:02:06,048 loginView.py[line:17] INFO username is:admin
2020-03-05 17:02:06,088 loginView.py[line:20] INFO password is:123456
2020-03-05 17:02:06,147 loginView.py[line:23] INFO click loginBtn
2020-03-05 17:02:13,874 loginView.py[line:25] INFO login finished!
2020-03-05 17:02:13,874 loginView.py[line:37] INFO ====check_loginStatus======
2020-03-05 17:02:13,898 loginView.py[line:46] INFO login success!
2020-03-05 17:02:30,291 loginView.py[line:16] INFO ============login_action==============
2020-03-05 17:02:30,291 loginView.py[line:17] INFO username is:admin
2020-03-05 17:02:30,346 loginView.py[line:20] INFO password is:123456
2020-03-05 17:02:30,399 loginView.py[line:23] INFO click loginBtn
2020-03-05 17:02:39,717 loginView.py[line:25] INFO login finished!
2020-03-05 17:02:39,717 loginView.py[line:37] INFO ====check_loginStatus======
2020-03-05 17:02:39,731 loginView.py[line:46] INFO login success!
2020-03-05 17:02:56,574 loginView.py[line:16] INFO ============login_action==============
2020-03-05 17:02:56,574 loginView.py[line:17] INFO username is:admin
2020-03-05 17:02:56,622 loginView.py[line:20] INFO password is:123456
2020-03-05 17:02:56,681 loginView.py[line:23] INFO click loginBtn
2020-03-05 17:03:04,232 loginView.py[line:25] INFO login finished!
2020-03-05 17:03:04,232 loginView.py[line:37] INFO ====check_loginStatus======
2020-03-05 17:03:04,251 loginView.py[line:46] INFO login success!
2020-03-05 17:04:01,515 loginView.py[line:16] INFO ============login_action==============
2020-03-05 17:04:01,515 loginView.py[line:17] INFO username is:admin
2020-03-05 17:04:01,551 loginView.py[line:20] INFO password is:123456
2020-03-05 17:04:01,610 loginView.py[line:23] INFO click loginBtn
2020-03-05 17:04:02,924 loginView.py[line:25] INFO login finished!
2020-03-05 17:04:02,924 loginView.py[line:37] INFO ====check_loginStatus======
2020-03-05 17:04:08,715 loginView.py[line:46] INFO login success!
2020-03-05 17:04:24,262 loginView.py[line:16] INFO ============login_action==============
2020-03-05 17:04:24,263 loginView.py[line:17] INFO username is:admin
2020-03-05 17:04:24,312 loginView.py[line:20] INFO password is:123456
2020-03-05 17:04:24,376 loginView.py[line:23] INFO click loginBtn
2020-03-05 17:04:36,319 loginView.py[line:25] INFO login finished!
2020-03-05 17:04:36,320 loginView.py[line:37] INFO ====check_loginStatus======
2020-03-05 17:04:36,381 loginView.py[line:46] INFO login success!
2020-03-05 17:06:33,873 loginView.py[line:16] INFO ============login_action==============
2020-03-05 17:06:33,873 loginView.py[line:17] INFO username is:admin
2020-03-05 17:06:33,934 loginView.py[line:20] INFO password is:123456
2020-03-05 17:06:33,990 loginView.py[line:23] INFO click loginBtn
2020-03-05 17:06:41,345 loginView.py[line:25] INFO login finished!
2020-03-05 17:06:41,345 loginView.py[line:37] INFO ====check_loginStatus======
2020-03-05 17:06:41,365 loginView.py[line:46] INFO login success!
2020-03-05 17:06:56,113 loginView.py[line:16] INFO ============login_action==============
2020-03-05 17:06:56,114 loginView.py[line:17] INFO username is:admin
2020-03-05 17:06:56,160 loginView.py[line:20] INFO password is:123456
2020-03-05 17:06:56,219 loginView.py[line:23] INFO click loginBtn
2020-03-05 17:07:04,232 loginView.py[line:25] INFO login finished!
2020-03-05 17:07:04,232 loginView.py[line:37] INFO ====check_loginStatus======
2020-03-05 17:07:04,249 loginView.py[line:46] INFO login success!
2020-03-05 17:08:06,301 loginView.py[line:16] INFO ============login_action==============
2020-03-05 17:08:06,301 loginView.py[line:17] INFO username is:admin
2020-03-05 17:08:06,358 loginView.py[line:20] INFO password is:123456
2020-03-05 17:08:06,423 loginView.py[line:23] INFO click loginBtn
2020-03-05 17:08:16,743 loginView.py[line:25] INFO login finished!
2020-03-05 17:08:16,743 loginView.py[line:37] INFO ====check_loginStatus======
2020-03-05 17:08:16,765 loginView.py[line:46] INFO login success!
2020-03-05 17:11:08,147 myunit.py[line:8] INFO =====setUp====
2020-03-05 17:11:13,512 loginView.py[line:16] INFO ============login_action==============
2020-03-05 17:11:13,512 loginView.py[line:17] INFO username is:admin
2020-03-05 17:11:14,435 loginView.py[line:20] INFO password is:123456
2020-03-05 17:11:14,512 loginView.py[line:23] INFO click loginBtn
2020-03-05 17:11:23,056 loginView.py[line:25] INFO login finished!
2020-03-05 17:11:23,056 loginView.py[line:37] INFO ====check_loginStatus======
2020-03-05 17:11:23,069 loginView.py[line:46] INFO login success!
2020-03-05 17:11:35,756 add_company.py[line:56] INFO 新增管护单位的责任主体名称是：1225
2020-03-05 17:12:02,173 test_sqdwbg.py[line:60] INFO Application_Failed!
2020-03-05 17:12:02,173 common_fun.py[line:17] INFO get screenshot application failed
2020-03-05 17:12:02,576 myunit.py[line:8] INFO =====setUp====
2020-03-05 17:12:15,495 loginView.py[line:16] INFO ============login_action==============
2020-03-05 17:12:15,496 loginView.py[line:17] INFO username is:admin
2020-03-05 17:12:15,565 loginView.py[line:20] INFO password is:123456
2020-03-05 17:12:15,674 loginView.py[line:23] INFO click loginBtn
2020-03-05 17:12:24,563 loginView.py[line:25] INFO login finished!
2020-03-05 17:12:24,564 loginView.py[line:37] INFO ====check_loginStatus======
2020-03-05 17:12:24,619 loginView.py[line:46] INFO login success!
2020-03-05 17:12:38,667 add_company.py[line:56] INFO 新增管护单位的责任主体名称是：1265
2020-03-05 17:15:49,534 myunit.py[line:8] INFO =====setUp====
2020-03-05 17:15:55,175 loginView.py[line:16] INFO ============login_action==============
2020-03-05 17:15:55,175 loginView.py[line:17] INFO username is:admin
2020-03-05 17:15:55,221 loginView.py[line:20] INFO password is:123456
2020-03-05 17:15:55,275 loginView.py[line:23] INFO click loginBtn
2020-03-05 17:16:02,966 loginView.py[line:25] INFO login finished!
2020-03-05 17:16:02,966 loginView.py[line:37] INFO ====check_loginStatus======
2020-03-05 17:16:02,983 loginView.py[line:46] INFO login success!
2020-03-05 17:16:15,590 add_company.py[line:56] INFO 新增管护单位的责任主体名称是：1115
2020-03-05 17:16:41,616 test_sqdwbg.py[line:60] INFO Application_Failed!
2020-03-05 17:16:41,617 common_fun.py[line:17] INFO get screenshot application failed
2020-03-05 17:16:41,997 myunit.py[line:8] INFO =====setUp====
2020-03-05 17:16:47,021 loginView.py[line:16] INFO ============login_action==============
2020-03-05 17:16:47,021 loginView.py[line:17] INFO username is:admin
2020-03-05 17:16:47,067 loginView.py[line:20] INFO password is:123456
2020-03-05 17:16:47,122 loginView.py[line:23] INFO click loginBtn
2020-03-05 17:16:53,955 loginView.py[line:25] INFO login finished!
2020-03-05 17:16:53,955 loginView.py[line:37] INFO ====check_loginStatus======
2020-03-05 17:16:53,992 loginView.py[line:46] INFO login success!
2020-03-05 17:17:06,642 add_company.py[line:56] INFO 新增管护单位的责任主体名称是：1876
2020-03-05 17:17:37,958 test_sqdwbg.py[line:53] INFO Application_Failed!
2020-03-05 17:17:37,958 common_fun.py[line:17] INFO get screenshot application failed
2020-03-06 09:07:22,843 loginView.py[line:16] INFO ============login_action==============
2020-03-06 09:07:22,844 loginView.py[line:17] INFO username is:admin
2020-03-06 09:07:22,886 loginView.py[line:20] INFO password is:123456
2020-03-06 09:07:22,943 loginView.py[line:23] INFO click loginBtn
2020-03-06 09:07:30,551 loginView.py[line:25] INFO login finished!
2020-03-06 09:07:30,552 loginView.py[line:37] INFO ====check_loginStatus======
2020-03-06 09:07:30,568 loginView.py[line:46] INFO login success!
2020-03-06 09:15:59,092 loginView.py[line:16] INFO ============login_action==============
2020-03-06 09:15:59,093 loginView.py[line:17] INFO username is:admin
2020-03-06 09:15:59,129 loginView.py[line:20] INFO password is:123456
2020-03-06 09:15:59,183 loginView.py[line:23] INFO click loginBtn
2020-03-06 09:16:06,353 loginView.py[line:25] INFO login finished!
2020-03-06 09:16:06,353 loginView.py[line:37] INFO ====check_loginStatus======
2020-03-06 09:16:06,371 loginView.py[line:46] INFO login success!
2020-03-06 09:23:48,605 loginView.py[line:16] INFO ============login_action==============
2020-03-06 09:23:48,605 loginView.py[line:17] INFO username is:admin
2020-03-06 09:23:48,645 loginView.py[line:20] INFO password is:123456
2020-03-06 09:23:48,697 loginView.py[line:23] INFO click loginBtn
2020-03-06 09:23:55,892 loginView.py[line:25] INFO login finished!
2020-03-06 09:23:55,892 loginView.py[line:37] INFO ====check_loginStatus======
2020-03-06 09:23:55,911 loginView.py[line:46] INFO login success!
2020-03-06 09:27:16,919 loginView.py[line:16] INFO ============login_action==============
2020-03-06 09:27:16,919 loginView.py[line:17] INFO username is:admin
2020-03-06 09:27:16,969 loginView.py[line:20] INFO password is:123456
2020-03-06 09:27:17,027 loginView.py[line:23] INFO click loginBtn
2020-03-06 09:27:24,754 loginView.py[line:25] INFO login finished!
2020-03-06 09:27:24,754 loginView.py[line:37] INFO ====check_loginStatus======
2020-03-06 09:27:24,768 loginView.py[line:46] INFO login success!
2020-03-06 09:29:56,925 loginView.py[line:16] INFO ============login_action==============
2020-03-06 09:29:56,925 loginView.py[line:17] INFO username is:admin
2020-03-06 09:29:56,988 loginView.py[line:20] INFO password is:123456
2020-03-06 09:29:57,042 loginView.py[line:23] INFO click loginBtn
2020-03-06 09:30:04,849 loginView.py[line:25] INFO login finished!
2020-03-06 09:30:04,850 loginView.py[line:37] INFO ====check_loginStatus======
2020-03-06 09:30:04,884 loginView.py[line:46] INFO login success!
2020-03-06 09:30:18,558 loginView.py[line:16] INFO ============login_action==============
2020-03-06 09:30:18,559 loginView.py[line:17] INFO username is:admin
2020-03-06 09:30:18,607 loginView.py[line:20] INFO password is:123456
2020-03-06 09:30:18,661 loginView.py[line:23] INFO click loginBtn
2020-03-06 09:30:26,206 loginView.py[line:25] INFO login finished!
2020-03-06 09:30:26,206 loginView.py[line:37] INFO ====check_loginStatus======
2020-03-06 09:30:26,232 loginView.py[line:46] INFO login success!
2020-03-06 09:31:28,580 loginView.py[line:16] INFO ============login_action==============
2020-03-06 09:31:28,580 loginView.py[line:17] INFO username is:admin
2020-03-06 09:31:28,636 loginView.py[line:20] INFO password is:123456
2020-03-06 09:31:28,695 loginView.py[line:23] INFO click loginBtn
2020-03-06 09:31:36,287 loginView.py[line:25] INFO login finished!
2020-03-06 09:31:36,287 loginView.py[line:37] INFO ====check_loginStatus======
2020-03-06 09:31:36,307 loginView.py[line:46] INFO login success!
2020-03-06 09:32:14,619 loginView.py[line:16] INFO ============login_action==============
2020-03-06 09:32:14,619 loginView.py[line:17] INFO username is:admin
2020-03-06 09:32:14,677 loginView.py[line:20] INFO password is:123456
2020-03-06 09:32:14,743 loginView.py[line:23] INFO click loginBtn
2020-03-06 09:32:22,451 loginView.py[line:25] INFO login finished!
2020-03-06 09:32:22,451 loginView.py[line:37] INFO ====check_loginStatus======
2020-03-06 09:32:22,470 loginView.py[line:46] INFO login success!
2020-03-06 09:32:41,819 loginView.py[line:16] INFO ============login_action==============
2020-03-06 09:32:41,820 loginView.py[line:17] INFO username is:admin
2020-03-06 09:32:41,877 loginView.py[line:20] INFO password is:123456
2020-03-06 09:32:41,933 loginView.py[line:23] INFO click loginBtn
2020-03-06 09:32:49,378 loginView.py[line:25] INFO login finished!
2020-03-06 09:32:49,378 loginView.py[line:37] INFO ====check_loginStatus======
2020-03-06 09:32:49,395 loginView.py[line:46] INFO login success!
2020-03-06 10:59:08,180 myunit.py[line:8] INFO =====setUp====
2020-03-06 11:03:12,963 myunit.py[line:8] INFO =====setUp====
2020-03-06 11:03:17,772 loginView.py[line:16] INFO ============login_action==============
2020-03-06 11:03:17,772 loginView.py[line:17] INFO username is:admin
2020-03-06 11:03:17,816 loginView.py[line:20] INFO password is:123456
2020-03-06 11:03:17,876 loginView.py[line:23] INFO click loginBtn
2020-03-06 11:03:25,842 loginView.py[line:25] INFO login finished!
2020-03-06 11:03:25,842 loginView.py[line:37] INFO ====check_loginStatus======
2020-03-06 11:03:25,862 loginView.py[line:46] INFO login success!
2020-03-06 11:03:38,716 add_company.py[line:56] INFO 新增管护单位的责任主体名称是：1227
2020-03-06 11:09:34,403 myunit.py[line:8] INFO =====setUp====
2020-03-06 11:09:39,553 loginView.py[line:16] INFO ============login_action==============
2020-03-06 11:09:39,553 loginView.py[line:17] INFO username is:admin
2020-03-06 11:09:39,598 loginView.py[line:20] INFO password is:123456
2020-03-06 11:09:39,655 loginView.py[line:23] INFO click loginBtn
2020-03-06 11:09:47,693 loginView.py[line:25] INFO login finished!
2020-03-06 11:09:47,693 loginView.py[line:37] INFO ====check_loginStatus======
2020-03-06 11:09:47,717 loginView.py[line:46] INFO login success!
2020-03-06 11:10:00,333 add_company.py[line:56] INFO 新增管护单位的责任主体名称是：1534
2020-03-06 11:12:50,667 myunit.py[line:8] INFO =====setUp====
2020-03-06 11:12:55,733 loginView.py[line:16] INFO ============login_action==============
2020-03-06 11:12:55,733 loginView.py[line:17] INFO username is:admin
2020-03-06 11:12:55,781 loginView.py[line:20] INFO password is:123456
2020-03-06 11:12:55,842 loginView.py[line:23] INFO click loginBtn
2020-03-06 11:13:03,822 loginView.py[line:25] INFO login finished!
2020-03-06 11:13:03,822 loginView.py[line:37] INFO ====check_loginStatus======
2020-03-06 11:13:03,842 loginView.py[line:46] INFO login success!
2020-03-06 11:13:16,618 add_company.py[line:56] INFO 新增管护单位的责任主体名称是：1858
2020-03-06 11:13:35,042 test_sqfrbg.py[line:62] INFO Application_Failed!
2020-03-06 11:13:35,042 common_fun.py[line:17] INFO get screenshot application failed
2020-03-06 11:14:00,101 loginView.py[line:16] INFO ============login_action==============
2020-03-06 11:14:00,101 loginView.py[line:17] INFO username is:admin
2020-03-06 11:14:00,135 loginView.py[line:20] INFO password is:123456
2020-03-06 11:14:00,199 loginView.py[line:23] INFO click loginBtn
2020-03-06 11:14:07,607 loginView.py[line:25] INFO login finished!
2020-03-06 11:14:07,607 loginView.py[line:37] INFO ====check_loginStatus======
2020-03-06 11:14:07,628 loginView.py[line:46] INFO login success!
2020-03-06 11:14:38,917 loginView.py[line:16] INFO ============login_action==============
2020-03-06 11:14:38,917 loginView.py[line:17] INFO username is:admin
2020-03-06 11:14:38,982 loginView.py[line:20] INFO password is:123456
2020-03-06 11:14:39,045 loginView.py[line:23] INFO click loginBtn
2020-03-06 11:14:48,401 loginView.py[line:25] INFO login finished!
2020-03-06 11:14:48,401 loginView.py[line:37] INFO ====check_loginStatus======
2020-03-06 11:14:48,439 loginView.py[line:46] INFO login success!
2020-03-06 11:15:40,045 loginView.py[line:16] INFO ============login_action==============
2020-03-06 11:15:40,045 loginView.py[line:17] INFO username is:admin
2020-03-06 11:15:40,116 loginView.py[line:20] INFO password is:123456
2020-03-06 11:15:40,177 loginView.py[line:23] INFO click loginBtn
2020-03-06 11:15:49,231 loginView.py[line:25] INFO login finished!
2020-03-06 11:15:49,232 loginView.py[line:37] INFO ====check_loginStatus======
2020-03-06 11:15:49,256 loginView.py[line:46] INFO login success!
2020-03-06 11:20:12,441 loginView.py[line:16] INFO ============login_action==============
2020-03-06 11:20:12,441 loginView.py[line:17] INFO username is:admin
2020-03-06 11:20:12,512 loginView.py[line:20] INFO password is:123456
2020-03-06 11:20:12,566 loginView.py[line:23] INFO click loginBtn
2020-03-06 11:20:22,023 loginView.py[line:25] INFO login finished!
2020-03-06 11:20:22,023 loginView.py[line:37] INFO ====check_loginStatus======
2020-03-06 11:20:22,096 loginView.py[line:46] INFO login success!
2020-03-06 11:38:18,451 loginView.py[line:16] INFO ============login_action==============
2020-03-06 11:38:18,451 loginView.py[line:17] INFO username is:admin
2020-03-06 11:38:18,530 loginView.py[line:20] INFO password is:123456
2020-03-06 11:38:18,614 loginView.py[line:23] INFO click loginBtn
2020-03-06 11:38:26,795 loginView.py[line:25] INFO login finished!
2020-03-06 11:38:26,796 loginView.py[line:37] INFO ====check_loginStatus======
2020-03-06 11:38:26,818 loginView.py[line:46] INFO login success!
2020-03-06 11:40:33,725 loginView.py[line:16] INFO ============login_action==============
2020-03-06 11:40:33,727 loginView.py[line:17] INFO username is:admin
2020-03-06 11:40:33,801 loginView.py[line:20] INFO password is:123456
2020-03-06 11:40:33,862 loginView.py[line:23] INFO click loginBtn
2020-03-06 11:40:44,346 loginView.py[line:25] INFO login finished!
2020-03-06 11:40:44,346 loginView.py[line:37] INFO ====check_loginStatus======
2020-03-06 11:40:46,036 loginView.py[line:46] INFO login success!
2020-03-06 13:06:15,881 myunit.py[line:8] INFO =====setUp====
2020-03-06 13:06:21,204 loginView.py[line:16] INFO ============login_action==============
2020-03-06 13:06:21,204 loginView.py[line:17] INFO username is:admin
2020-03-06 13:06:21,255 loginView.py[line:20] INFO password is:123456
2020-03-06 13:06:21,316 loginView.py[line:23] INFO click loginBtn
2020-03-06 13:06:29,578 loginView.py[line:25] INFO login finished!
2020-03-06 13:06:29,579 loginView.py[line:37] INFO ====check_loginStatus======
2020-03-06 13:06:29,600 loginView.py[line:46] INFO login success!
2020-03-06 13:06:42,385 add_company.py[line:56] INFO 新增管护单位的责任主体名称是：1389
2020-03-06 13:07:00,871 test_sqfrbg.py[line:62] INFO Application_Failed!
2020-03-06 13:07:00,872 common_fun.py[line:17] INFO get screenshot application failed
2020-03-06 13:07:49,527 myunit.py[line:8] INFO =====setUp====
2020-03-06 13:07:56,276 loginView.py[line:16] INFO ============login_action==============
2020-03-06 13:07:56,276 loginView.py[line:17] INFO username is:admin
2020-03-06 13:07:56,318 loginView.py[line:20] INFO password is:123456
2020-03-06 13:07:56,378 loginView.py[line:23] INFO click loginBtn
2020-03-06 13:08:04,350 loginView.py[line:25] INFO login finished!
2020-03-06 13:08:04,351 loginView.py[line:37] INFO ====check_loginStatus======
2020-03-06 13:08:04,367 loginView.py[line:46] INFO login success!
2020-03-06 13:08:16,954 add_company.py[line:56] INFO 新增管护单位的责任主体名称是：1178
2020-03-06 13:08:33,702 test_sqfrbg.py[line:50] INFO Application_Failed!
2020-03-06 13:08:33,702 common_fun.py[line:17] INFO get screenshot application failed
2020-03-06 13:20:26,778 myunit.py[line:8] INFO =====setUp====
2020-03-06 13:20:31,880 loginView.py[line:16] INFO ============login_action==============
2020-03-06 13:20:31,880 loginView.py[line:17] INFO username is:admin
2020-03-06 13:20:31,920 loginView.py[line:20] INFO password is:123456
2020-03-06 13:20:31,984 loginView.py[line:23] INFO click loginBtn
2020-03-06 13:20:39,409 loginView.py[line:25] INFO login finished!
2020-03-06 13:20:39,409 loginView.py[line:37] INFO ====check_loginStatus======
2020-03-06 13:20:39,448 loginView.py[line:46] INFO login success!
2020-03-06 13:20:52,294 add_company.py[line:56] INFO 新增管护单位的责任主体名称是：1937
2020-03-06 13:21:09,219 test_sqfrbg.py[line:50] INFO Application_Failed!
2020-03-06 13:21:09,219 common_fun.py[line:17] INFO get screenshot application failed
2020-03-06 13:22:02,241 myunit.py[line:8] INFO =====setUp====
2020-03-06 13:22:07,234 loginView.py[line:16] INFO ============login_action==============
2020-03-06 13:22:07,235 loginView.py[line:17] INFO username is:admin
2020-03-06 13:22:07,284 loginView.py[line:20] INFO password is:123456
2020-03-06 13:22:07,339 loginView.py[line:23] INFO click loginBtn
2020-03-06 13:22:25,967 loginView.py[line:25] INFO login finished!
2020-03-06 13:22:25,967 loginView.py[line:37] INFO ====check_loginStatus======
2020-03-06 13:22:28,665 myunit.py[line:8] INFO =====setUp====
2020-03-06 13:22:34,209 loginView.py[line:16] INFO ============login_action==============
2020-03-06 13:22:34,209 loginView.py[line:17] INFO username is:admin
2020-03-06 13:22:34,251 loginView.py[line:20] INFO password is:123456
2020-03-06 13:22:34,305 loginView.py[line:23] INFO click loginBtn
2020-03-06 13:22:41,882 loginView.py[line:25] INFO login finished!
2020-03-06 13:22:41,882 loginView.py[line:37] INFO ====check_loginStatus======
2020-03-06 13:22:41,902 loginView.py[line:46] INFO login success!
2020-03-06 13:22:54,553 add_company.py[line:56] INFO 新增管护单位的责任主体名称是：1369
2020-03-06 13:23:14,446 test_sqfrbg.py[line:50] INFO Application_Failed!
2020-03-06 13:23:14,446 common_fun.py[line:17] INFO get screenshot application failed
2020-03-06 13:29:43,023 myunit.py[line:8] INFO =====setUp====
2020-03-06 13:29:49,891 loginView.py[line:16] INFO ============login_action==============
2020-03-06 13:29:49,892 loginView.py[line:17] INFO username is:admin
2020-03-06 13:29:49,934 loginView.py[line:20] INFO password is:123456
2020-03-06 13:29:49,993 loginView.py[line:23] INFO click loginBtn
2020-03-06 13:29:57,497 loginView.py[line:25] INFO login finished!
2020-03-06 13:29:57,497 loginView.py[line:37] INFO ====check_loginStatus======
2020-03-06 13:29:57,514 loginView.py[line:46] INFO login success!
2020-03-06 13:30:26,184 test_sqfrbg.py[line:67] INFO Application_Succeed!
2020-03-06 13:30:51,016 myunit.py[line:8] INFO =====setUp====
2020-03-06 13:30:56,003 loginView.py[line:16] INFO ============login_action==============
2020-03-06 13:30:56,003 loginView.py[line:17] INFO username is:admin
2020-03-06 13:30:56,043 loginView.py[line:20] INFO password is:123456
2020-03-06 13:30:56,099 loginView.py[line:23] INFO click loginBtn
2020-03-06 13:31:03,373 loginView.py[line:25] INFO login finished!
2020-03-06 13:31:03,373 loginView.py[line:37] INFO ====check_loginStatus======
2020-03-06 13:31:03,408 loginView.py[line:46] INFO login success!
2020-03-06 13:31:16,377 add_company.py[line:56] INFO 新增管护单位的责任主体名称是：1873
2020-03-06 13:31:36,192 test_sqfrbg.py[line:50] INFO Application_Failed!
2020-03-06 13:31:36,192 common_fun.py[line:17] INFO get screenshot application failed
2020-03-06 13:32:54,008 myunit.py[line:8] INFO =====setUp====
2020-03-06 13:32:59,223 loginView.py[line:16] INFO ============login_action==============
2020-03-06 13:32:59,223 loginView.py[line:17] INFO username is:admin
2020-03-06 13:32:59,262 loginView.py[line:20] INFO password is:123456
2020-03-06 13:32:59,316 loginView.py[line:23] INFO click loginBtn
2020-03-06 13:33:06,290 loginView.py[line:25] INFO login finished!
2020-03-06 13:33:06,290 loginView.py[line:37] INFO ====check_loginStatus======
2020-03-06 13:33:06,336 loginView.py[line:46] INFO login success!
2020-03-06 13:33:19,341 add_company.py[line:56] INFO 新增管护单位的责任主体名称是：1073
2020-03-06 13:33:38,236 test_sqfrbg.py[line:67] INFO Application_Succeed!
2020-03-06 13:34:56,266 myunit.py[line:8] INFO =====setUp====
2020-03-06 13:35:01,137 loginView.py[line:16] INFO ============login_action==============
2020-03-06 13:35:01,137 loginView.py[line:17] INFO username is:admin
2020-03-06 13:35:01,174 loginView.py[line:20] INFO password is:123456
2020-03-06 13:35:01,227 loginView.py[line:23] INFO click loginBtn
2020-03-06 13:35:09,040 loginView.py[line:25] INFO login finished!
2020-03-06 13:35:09,040 loginView.py[line:37] INFO ====check_loginStatus======
2020-03-06 13:35:09,059 loginView.py[line:46] INFO login success!
2020-03-06 13:35:21,695 add_company.py[line:56] INFO 新增管护单位的责任主体名称是：1066
2020-03-06 13:43:21,324 myunit.py[line:8] INFO =====setUp====
2020-03-06 13:43:26,593 loginView.py[line:16] INFO ============login_action==============
2020-03-06 13:43:26,593 loginView.py[line:17] INFO username is:admin
2020-03-06 13:43:26,641 loginView.py[line:20] INFO password is:123456
2020-03-06 13:43:26,700 loginView.py[line:23] INFO click loginBtn
2020-03-06 13:43:34,418 loginView.py[line:25] INFO login finished!
2020-03-06 13:43:34,419 loginView.py[line:37] INFO ====check_loginStatus======
2020-03-06 13:43:34,439 loginView.py[line:46] INFO login success!
2020-03-06 13:43:47,063 add_company.py[line:56] INFO 新增管护单位的责任主体名称是：1953
2020-03-06 13:44:05,808 test_sqfrbg.py[line:49] INFO Application_Failed!
2020-03-06 13:44:05,809 common_fun.py[line:17] INFO get screenshot application failed
2020-03-06 13:44:13,549 myunit.py[line:8] INFO =====setUp====
2020-03-06 13:44:18,817 loginView.py[line:16] INFO ============login_action==============
2020-03-06 13:44:18,818 loginView.py[line:17] INFO username is:admin
2020-03-06 13:44:18,867 loginView.py[line:20] INFO password is:123456
2020-03-06 13:44:18,922 loginView.py[line:23] INFO click loginBtn
2020-03-06 13:44:26,659 loginView.py[line:25] INFO login finished!
2020-03-06 13:44:26,659 loginView.py[line:37] INFO ====check_loginStatus======
2020-03-06 13:44:26,676 loginView.py[line:46] INFO login success!
2020-03-06 13:44:39,270 add_company.py[line:56] INFO 新增管护单位的责任主体名称是：1158
2020-03-06 13:45:00,426 myunit.py[line:8] INFO =====setUp====
2020-03-06 13:45:05,412 loginView.py[line:16] INFO ============login_action==============
2020-03-06 13:45:05,412 loginView.py[line:17] INFO username is:admin
2020-03-06 13:45:05,460 loginView.py[line:20] INFO password is:123456
2020-03-06 13:45:05,519 loginView.py[line:23] INFO click loginBtn
2020-03-06 13:45:13,169 loginView.py[line:25] INFO login finished!
2020-03-06 13:45:13,169 loginView.py[line:37] INFO ====check_loginStatus======
2020-03-06 13:45:13,185 loginView.py[line:46] INFO login success!
2020-03-06 13:45:26,371 add_company.py[line:56] INFO 新增管护单位的责任主体名称是：1022
2020-03-06 13:45:45,264 test_sqfrbg.py[line:66] INFO Application_Succeed!
2020-03-06 13:48:40,744 myunit.py[line:8] INFO =====setUp====
2020-03-06 13:48:45,545 loginView.py[line:16] INFO ============login_action==============
2020-03-06 13:48:45,545 loginView.py[line:17] INFO username is:admin
2020-03-06 13:48:45,590 loginView.py[line:20] INFO password is:123456
2020-03-06 13:48:45,644 loginView.py[line:23] INFO click loginBtn
2020-03-06 13:48:53,157 loginView.py[line:25] INFO login finished!
2020-03-06 13:48:53,158 loginView.py[line:37] INFO ====check_loginStatus======
2020-03-06 13:48:53,186 loginView.py[line:46] INFO login success!
2020-03-06 13:49:06,170 add_company.py[line:56] INFO 新增管护单位的责任主体名称是：1289
2020-03-06 13:49:24,971 test_sqfrbg.py[line:49] INFO Application_Failed!
2020-03-06 13:49:24,971 common_fun.py[line:17] INFO get screenshot application failed
2020-03-06 14:00:48,698 myunit.py[line:8] INFO =====setUp====
2020-03-06 14:00:53,982 loginView.py[line:16] INFO ============login_action==============
2020-03-06 14:00:53,982 loginView.py[line:17] INFO username is:admin
2020-03-06 14:00:54,027 loginView.py[line:20] INFO password is:123456
2020-03-06 14:00:54,083 loginView.py[line:23] INFO click loginBtn
2020-03-06 14:01:01,832 loginView.py[line:25] INFO login finished!
2020-03-06 14:01:01,832 loginView.py[line:37] INFO ====check_loginStatus======
2020-03-06 14:01:01,851 loginView.py[line:46] INFO login success!
2020-03-06 14:01:14,464 add_company.py[line:56] INFO 新增管护单位的责任主体名称是：1385
2020-03-06 14:01:33,731 test_sqfrbg.py[line:67] INFO Application_Succeed!
2020-03-06 14:09:57,882 myunit.py[line:8] INFO =====setUp====
2020-03-06 14:10:03,335 loginView.py[line:16] INFO ============login_action==============
2020-03-06 14:10:03,335 loginView.py[line:17] INFO username is:admin
2020-03-06 14:10:03,378 loginView.py[line:20] INFO password is:123456
2020-03-06 14:10:03,436 loginView.py[line:23] INFO click loginBtn
2020-03-06 14:10:11,056 loginView.py[line:25] INFO login finished!
2020-03-06 14:10:11,056 loginView.py[line:37] INFO ====check_loginStatus======
2020-03-06 14:10:11,074 loginView.py[line:46] INFO login success!
2020-03-06 14:10:23,811 add_company.py[line:56] INFO 新增管护单位的责任主体名称是：1280
2020-03-06 14:10:50,419 test_sqdwbg.py[line:60] INFO Application_Failed!
2020-03-06 14:10:50,420 common_fun.py[line:17] INFO get screenshot application failed
2020-03-06 14:10:50,819 myunit.py[line:8] INFO =====setUp====
2020-03-06 14:10:55,710 loginView.py[line:16] INFO ============login_action==============
2020-03-06 14:10:55,710 loginView.py[line:17] INFO username is:admin
2020-03-06 14:10:55,755 loginView.py[line:20] INFO password is:123456
2020-03-06 14:10:55,816 loginView.py[line:23] INFO click loginBtn
2020-03-06 14:11:03,436 loginView.py[line:25] INFO login finished!
2020-03-06 14:11:03,436 loginView.py[line:37] INFO ====check_loginStatus======
2020-03-06 14:11:03,458 loginView.py[line:46] INFO login success!
2020-03-06 14:11:16,026 add_company.py[line:56] INFO 新增管护单位的责任主体名称是：1994
2020-03-06 14:11:47,647 test_sqdwbg.py[line:53] INFO Application_Failed!
2020-03-06 14:11:47,647 common_fun.py[line:17] INFO get screenshot application failed
2020-03-06 14:12:59,232 myunit.py[line:8] INFO =====setUp====
2020-03-06 14:13:04,438 loginView.py[line:16] INFO ============login_action==============
2020-03-06 14:13:04,438 loginView.py[line:17] INFO username is:admin
2020-03-06 14:13:04,512 loginView.py[line:20] INFO password is:123456
2020-03-06 14:13:04,572 loginView.py[line:23] INFO click loginBtn
2020-03-06 14:13:12,008 loginView.py[line:25] INFO login finished!
2020-03-06 14:13:12,008 loginView.py[line:37] INFO ====check_loginStatus======
2020-03-06 14:13:12,045 loginView.py[line:46] INFO login success!
2020-03-06 14:13:25,008 add_company.py[line:56] INFO 新增管护单位的责任主体名称是：1702
2020-03-06 14:13:44,003 myunit.py[line:8] INFO =====setUp====
2020-03-06 14:13:48,959 loginView.py[line:16] INFO ============login_action==============
2020-03-06 14:13:48,960 loginView.py[line:17] INFO username is:admin
2020-03-06 14:13:49,005 loginView.py[line:20] INFO password is:123456
2020-03-06 14:13:49,062 loginView.py[line:23] INFO click loginBtn
2020-03-06 14:13:56,512 loginView.py[line:25] INFO login finished!
2020-03-06 14:13:56,512 loginView.py[line:37] INFO ====check_loginStatus======
2020-03-06 14:13:56,541 loginView.py[line:46] INFO login success!
2020-03-06 14:14:09,180 add_company.py[line:56] INFO 新增管护单位的责任主体名称是：1827
2020-03-06 14:15:55,192 myunit.py[line:8] INFO =====setUp====
2020-03-06 14:16:00,373 loginView.py[line:16] INFO ============login_action==============
2020-03-06 14:16:00,373 loginView.py[line:17] INFO username is:admin
2020-03-06 14:16:00,423 loginView.py[line:20] INFO password is:123456
2020-03-06 14:16:00,474 loginView.py[line:23] INFO click loginBtn
2020-03-06 14:16:07,991 loginView.py[line:25] INFO login finished!
2020-03-06 14:16:07,992 loginView.py[line:37] INFO ====check_loginStatus======
2020-03-06 14:16:08,011 loginView.py[line:46] INFO login success!
2020-03-06 14:16:20,976 add_company.py[line:56] INFO 新增管护单位的责任主体名称是：1684
2020-03-06 14:16:39,973 myunit.py[line:8] INFO =====setUp====
2020-03-06 14:16:45,232 loginView.py[line:16] INFO ============login_action==============
2020-03-06 14:16:45,232 loginView.py[line:17] INFO username is:admin
2020-03-06 14:16:45,274 loginView.py[line:20] INFO password is:123456
2020-03-06 14:16:45,329 loginView.py[line:23] INFO click loginBtn
2020-03-06 14:16:53,337 loginView.py[line:25] INFO login finished!
2020-03-06 14:16:53,337 loginView.py[line:37] INFO ====check_loginStatus======
2020-03-06 14:16:53,352 loginView.py[line:46] INFO login success!
2020-03-06 14:17:46,569 add_company.py[line:56] INFO 新增管护单位的责任主体名称是：1965
2020-03-06 14:17:48,272 test_sqfrbg.py[line:56] INFO Application_Failed!
2020-03-06 14:17:48,272 common_fun.py[line:17] INFO get screenshot application failed
2020-03-06 14:20:11,341 myunit.py[line:8] INFO =====setUp====
2020-03-06 14:20:16,861 loginView.py[line:16] INFO ============login_action==============
2020-03-06 14:20:16,861 loginView.py[line:17] INFO username is:admin
2020-03-06 14:20:16,908 loginView.py[line:20] INFO password is:123456
2020-03-06 14:20:16,963 loginView.py[line:23] INFO click loginBtn
2020-03-06 14:20:24,522 loginView.py[line:25] INFO login finished!
2020-03-06 14:20:24,522 loginView.py[line:37] INFO ====check_loginStatus======
2020-03-06 14:20:24,540 loginView.py[line:46] INFO login success!
2020-03-06 14:20:37,266 add_company.py[line:56] INFO 新增管护单位的责任主体名称是：1113
2020-03-06 14:21:05,731 myunit.py[line:8] INFO =====setUp====
2020-03-06 14:21:10,961 loginView.py[line:16] INFO ============login_action==============
2020-03-06 14:21:10,961 loginView.py[line:17] INFO username is:admin
2020-03-06 14:21:11,020 loginView.py[line:20] INFO password is:123456
2020-03-06 14:21:11,075 loginView.py[line:23] INFO click loginBtn
2020-03-06 14:21:18,193 loginView.py[line:25] INFO login finished!
2020-03-06 14:21:18,193 loginView.py[line:37] INFO ====check_loginStatus======
2020-03-06 14:21:18,211 loginView.py[line:46] INFO login success!
2020-03-06 14:21:30,657 myunit.py[line:8] INFO =====setUp====
2020-03-06 14:24:05,132 myunit.py[line:8] INFO =====setUp====
2020-03-06 14:24:10,174 loginView.py[line:16] INFO ============login_action==============
2020-03-06 14:24:10,175 loginView.py[line:17] INFO username is:admin
2020-03-06 14:24:10,221 loginView.py[line:20] INFO password is:123456
2020-03-06 14:24:10,278 loginView.py[line:23] INFO click loginBtn
2020-03-06 14:24:49,895 loginView.py[line:25] INFO login finished!
2020-03-06 14:24:49,895 loginView.py[line:37] INFO ====check_loginStatus======
2020-03-06 14:24:49,909 loginView.py[line:46] INFO login success!
2020-03-06 14:24:49,912 myunit.py[line:8] INFO =====setUp====
2020-03-06 14:24:56,157 myunit.py[line:8] INFO =====setUp====
2020-03-06 14:25:02,143 loginView.py[line:16] INFO ============login_action==============
2020-03-06 14:25:02,144 loginView.py[line:17] INFO username is:admin
2020-03-06 14:25:02,194 loginView.py[line:20] INFO password is:123456
2020-03-06 14:25:02,250 loginView.py[line:23] INFO click loginBtn
2020-03-06 14:25:09,530 loginView.py[line:25] INFO login finished!
2020-03-06 14:25:09,530 loginView.py[line:37] INFO ====check_loginStatus======
2020-03-06 14:25:09,587 loginView.py[line:46] INFO login success!
2020-03-06 14:25:22,508 add_company.py[line:56] INFO 新增管护单位的责任主体名称是：1529
2020-03-06 14:25:43,200 myunit.py[line:8] INFO =====setUp====
2020-03-06 14:25:54,510 myunit.py[line:8] INFO =====setUp====
2020-03-06 14:26:00,308 loginView.py[line:16] INFO ============login_action==============
2020-03-06 14:26:00,309 loginView.py[line:17] INFO username is:admin
2020-03-06 14:26:00,361 loginView.py[line:20] INFO password is:123456
2020-03-06 14:26:00,420 loginView.py[line:23] INFO click loginBtn
2020-03-06 14:26:07,956 loginView.py[line:25] INFO login finished!
2020-03-06 14:26:07,956 loginView.py[line:37] INFO ====check_loginStatus======
2020-03-06 14:26:07,976 loginView.py[line:46] INFO login success!
2020-03-06 14:26:20,706 add_company.py[line:56] INFO 新增管护单位的责任主体名称是：1032
2020-03-06 14:26:41,383 myunit.py[line:8] INFO =====setUp====
2020-03-06 14:26:46,654 loginView.py[line:16] INFO ============login_action==============
2020-03-06 14:26:46,654 loginView.py[line:17] INFO username is:admin
2020-03-06 14:26:46,707 loginView.py[line:20] INFO password is:123456
2020-03-06 14:26:46,768 loginView.py[line:23] INFO click loginBtn
2020-03-06 14:26:53,560 loginView.py[line:25] INFO login finished!
2020-03-06 14:26:53,560 loginView.py[line:37] INFO ====check_loginStatus======
2020-03-06 14:26:53,601 loginView.py[line:46] INFO login success!
2020-03-06 14:27:06,329 add_company.py[line:56] INFO 新增管护单位的责任主体名称是：1314
2020-03-06 14:30:04,878 myunit.py[line:8] INFO =====setUp====
2020-03-06 14:30:10,047 loginView.py[line:16] INFO ============login_action==============
2020-03-06 14:30:10,047 loginView.py[line:17] INFO username is:admin
2020-03-06 14:30:10,095 loginView.py[line:20] INFO password is:123456
2020-03-06 14:30:10,147 loginView.py[line:23] INFO click loginBtn
2020-03-06 14:30:17,904 loginView.py[line:25] INFO login finished!
2020-03-06 14:30:17,905 loginView.py[line:37] INFO ====check_loginStatus======
2020-03-06 14:30:17,921 loginView.py[line:46] INFO login success!
2020-03-06 14:30:30,654 add_company.py[line:56] INFO 新增管护单位的责任主体名称是：1630
2020-03-06 14:30:51,910 test_sqfrbg.py[line:67] INFO Application_Succeed!
2020-03-06 14:30:51,910 myunit.py[line:8] INFO =====setUp====
2020-03-06 14:30:56,939 loginView.py[line:16] INFO ============login_action==============
2020-03-06 14:30:56,939 loginView.py[line:17] INFO username is:admin
2020-03-06 14:30:56,986 loginView.py[line:20] INFO password is:123456
2020-03-06 14:30:57,041 loginView.py[line:23] INFO click loginBtn
2020-03-06 14:31:04,212 loginView.py[line:25] INFO login finished!
2020-03-06 14:31:04,213 loginView.py[line:37] INFO ====check_loginStatus======
2020-03-06 14:31:04,257 loginView.py[line:46] INFO login success!
2020-03-06 14:31:17,296 add_company.py[line:56] INFO 新增管护单位的责任主体名称是：1172
2020-03-06 14:31:35,544 test_sqfrbg.py[line:62] INFO Application_Failed!
2020-03-06 14:31:35,544 common_fun.py[line:17] INFO get screenshot application failed
2020-03-06 14:40:11,850 myunit.py[line:8] INFO =====setUp====
2020-03-06 14:40:16,767 loginView.py[line:16] INFO ============login_action==============
2020-03-06 14:40:16,767 loginView.py[line:17] INFO username is:admin
2020-03-06 14:40:16,811 loginView.py[line:20] INFO password is:123456
2020-03-06 14:40:16,869 loginView.py[line:23] INFO click loginBtn
2020-03-06 14:40:24,210 loginView.py[line:25] INFO login finished!
2020-03-06 14:40:24,210 loginView.py[line:37] INFO ====check_loginStatus======
2020-03-06 14:40:24,234 loginView.py[line:46] INFO login success!
2020-03-06 14:40:36,926 add_company.py[line:56] INFO 新增管护单位的责任主体名称是：1541
2020-03-06 14:40:58,094 test_sqfrbg.py[line:67] INFO Application_Succeed!
2020-03-06 14:40:58,094 myunit.py[line:8] INFO =====setUp====
2020-03-06 14:41:03,278 loginView.py[line:16] INFO ============login_action==============
2020-03-06 14:41:03,278 loginView.py[line:17] INFO username is:admin
2020-03-06 14:41:03,326 loginView.py[line:20] INFO password is:123456
2020-03-06 14:41:03,384 loginView.py[line:23] INFO click loginBtn
2020-03-06 14:41:11,307 loginView.py[line:25] INFO login finished!
2020-03-06 14:41:11,307 loginView.py[line:37] INFO ====check_loginStatus======
2020-03-06 14:41:11,324 loginView.py[line:46] INFO login success!
2020-03-06 14:41:24,308 add_company.py[line:56] INFO 新增管护单位的责任主体名称是：1727
2020-03-06 14:41:42,554 test_sqfrbg.py[line:62] INFO Application_Failed!
2020-03-06 14:41:42,555 common_fun.py[line:17] INFO get screenshot application failed
2020-03-06 15:12:16,896 myunit.py[line:8] INFO =====setUp====
2020-03-06 15:12:22,505 loginView.py[line:16] INFO ============login_action==============
2020-03-06 15:12:22,505 loginView.py[line:17] INFO username is:admin
2020-03-06 15:12:22,547 loginView.py[line:20] INFO password is:123456
2020-03-06 15:12:22,601 loginView.py[line:23] INFO click loginBtn
2020-03-06 15:12:30,497 loginView.py[line:25] INFO login finished!
2020-03-06 15:12:30,498 loginView.py[line:37] INFO ====check_loginStatus======
2020-03-06 15:12:30,522 loginView.py[line:46] INFO login success!
2020-03-06 15:12:43,226 add_company.py[line:56] INFO 新增管护单位的责任主体名称是：1534
2020-03-06 15:13:04,417 test_sqfrbg.py[line:71] INFO Application_Succeed!
2020-03-06 15:13:04,417 test_sqfrbg.py[line:72] INFO Begin_Audits
2020-03-06 15:13:08,923 test_sqfrbg.py[line:76] INFO Audit_Failed!
2020-03-06 15:13:08,923 common_fun.py[line:17] INFO get screenshot audit failed
2020-03-06 15:13:09,336 myunit.py[line:8] INFO =====setUp====
2020-03-06 15:13:14,503 loginView.py[line:16] INFO ============login_action==============
2020-03-06 15:13:14,504 loginView.py[line:17] INFO username is:admin
2020-03-06 15:13:14,548 loginView.py[line:20] INFO password is:123456
2020-03-06 15:13:14,607 loginView.py[line:23] INFO click loginBtn
2020-03-06 15:13:22,389 loginView.py[line:25] INFO login finished!
2020-03-06 15:13:22,389 loginView.py[line:37] INFO ====check_loginStatus======
2020-03-06 15:13:22,410 loginView.py[line:46] INFO login success!
2020-03-06 15:13:35,394 add_company.py[line:56] INFO 新增管护单位的责任主体名称是：1826
2020-03-06 15:13:53,386 test_sqfrbg.py[line:66] INFO Application_Failed!
2020-03-06 15:13:53,386 common_fun.py[line:17] INFO get screenshot application failed
2020-03-06 15:16:06,883 myunit.py[line:8] INFO =====setUp====
2020-03-06 15:16:12,008 loginView.py[line:16] INFO ============login_action==============
2020-03-06 15:16:12,009 loginView.py[line:17] INFO username is:admin
2020-03-06 15:16:12,058 loginView.py[line:20] INFO password is:123456
2020-03-06 15:16:12,116 loginView.py[line:23] INFO click loginBtn
2020-03-06 15:16:17,829 loginView.py[line:25] INFO login finished!
2020-03-06 15:16:17,830 loginView.py[line:37] INFO ====check_loginStatus======
2020-03-06 15:16:31,589 myunit.py[line:8] INFO =====setUp====
2020-03-06 15:16:36,996 loginView.py[line:16] INFO ============login_action==============
2020-03-06 15:16:36,996 loginView.py[line:17] INFO username is:admin
2020-03-06 15:16:37,039 loginView.py[line:20] INFO password is:123456
2020-03-06 15:16:37,100 loginView.py[line:23] INFO click loginBtn
2020-03-06 15:16:44,503 loginView.py[line:25] INFO login finished!
2020-03-06 15:16:44,503 loginView.py[line:37] INFO ====check_loginStatus======
2020-03-06 15:16:44,523 loginView.py[line:46] INFO login success!
2020-03-06 15:16:57,564 add_company.py[line:56] INFO 新增管护单位的责任主体名称是：1236
2020-03-06 15:17:18,871 test_sqfrbg.py[line:71] INFO Application_Succeed!
2020-03-06 15:17:18,871 test_sqfrbg.py[line:72] INFO Begin_Audits
2020-03-06 15:17:23,499 test_sqfrbg.py[line:76] INFO Audit_Failed!
2020-03-06 15:17:23,499 common_fun.py[line:17] INFO get screenshot audit failed
2020-03-06 15:17:23,916 myunit.py[line:8] INFO =====setUp====
2020-03-06 15:17:29,368 loginView.py[line:16] INFO ============login_action==============
2020-03-06 15:17:29,368 loginView.py[line:17] INFO username is:admin
2020-03-06 15:17:29,413 loginView.py[line:20] INFO password is:123456
2020-03-06 15:17:29,472 loginView.py[line:23] INFO click loginBtn
2020-03-06 15:17:37,161 loginView.py[line:25] INFO login finished!
2020-03-06 15:17:37,161 loginView.py[line:37] INFO ====check_loginStatus======
2020-03-06 15:17:37,183 loginView.py[line:46] INFO login success!
2020-03-06 15:17:49,778 add_company.py[line:56] INFO 新增管护单位的责任主体名称是：1661
2020-03-06 15:18:08,024 test_sqfrbg.py[line:66] INFO Application_Failed!
2020-03-06 15:18:08,024 common_fun.py[line:17] INFO get screenshot application failed
2020-03-06 15:20:17,178 myunit.py[line:8] INFO =====setUp====
2020-03-06 15:20:22,440 loginView.py[line:16] INFO ============login_action==============
2020-03-06 15:20:22,440 loginView.py[line:17] INFO username is:admin
2020-03-06 15:20:22,480 loginView.py[line:20] INFO password is:123456
2020-03-06 15:20:22,530 loginView.py[line:23] INFO click loginBtn
2020-03-06 15:20:30,673 loginView.py[line:25] INFO login finished!
2020-03-06 15:20:30,673 loginView.py[line:37] INFO ====check_loginStatus======
2020-03-06 15:20:30,689 loginView.py[line:46] INFO login success!
2020-03-06 15:20:43,318 add_company.py[line:56] INFO 新增管护单位的责任主体名称是：1944
2020-03-06 15:21:05,388 test_sqfrbg.py[line:54] INFO Application_Failed!
2020-03-06 15:21:05,388 common_fun.py[line:17] INFO get screenshot application failed
2020-03-06 15:21:05,796 myunit.py[line:8] INFO =====setUp====
2020-03-06 15:21:11,021 loginView.py[line:16] INFO ============login_action==============
2020-03-06 15:21:11,021 loginView.py[line:17] INFO username is:admin
2020-03-06 15:21:11,061 loginView.py[line:20] INFO password is:123456
2020-03-06 15:21:11,115 loginView.py[line:23] INFO click loginBtn
2020-03-06 15:21:19,148 loginView.py[line:25] INFO login finished!
2020-03-06 15:21:19,148 loginView.py[line:37] INFO ====check_loginStatus======
2020-03-06 15:21:19,903 loginView.py[line:46] INFO login success!
2020-03-06 15:21:32,712 add_company.py[line:56] INFO 新增管护单位的责任主体名称是：1905
2020-03-06 15:21:50,842 test_sqfrbg.py[line:66] INFO Application_Failed!
2020-03-06 15:21:50,842 common_fun.py[line:17] INFO get screenshot application failed
2020-03-06 15:23:47,207 myunit.py[line:8] INFO =====setUp====
2020-03-06 15:23:52,183 loginView.py[line:16] INFO ============login_action==============
2020-03-06 15:23:52,183 loginView.py[line:17] INFO username is:admin
2020-03-06 15:23:52,239 loginView.py[line:20] INFO password is:123456
2020-03-06 15:23:52,296 loginView.py[line:23] INFO click loginBtn
2020-03-06 15:23:59,889 loginView.py[line:25] INFO login finished!
2020-03-06 15:23:59,889 loginView.py[line:37] INFO ====check_loginStatus======
2020-03-06 15:23:59,909 loginView.py[line:46] INFO login success!
2020-03-06 15:24:12,760 add_company.py[line:56] INFO 新增管护单位的责任主体名称是：1850
2020-03-06 15:24:34,953 test_sqfrbg.py[line:54] INFO Application_Failed!
2020-03-06 15:24:34,953 common_fun.py[line:17] INFO get screenshot application failed
2020-03-06 15:24:35,357 myunit.py[line:8] INFO =====setUp====
2020-03-06 15:24:40,288 loginView.py[line:16] INFO ============login_action==============
2020-03-06 15:24:40,288 loginView.py[line:17] INFO username is:admin
2020-03-06 15:24:40,331 loginView.py[line:20] INFO password is:123456
2020-03-06 15:24:40,386 loginView.py[line:23] INFO click loginBtn
2020-03-06 15:24:47,693 loginView.py[line:25] INFO login finished!
2020-03-06 15:24:47,693 loginView.py[line:37] INFO ====check_loginStatus======
2020-03-06 15:24:47,714 loginView.py[line:46] INFO login success!
2020-03-06 15:25:00,847 add_company.py[line:56] INFO 新增管护单位的责任主体名称是：1642
2020-03-06 15:25:19,186 test_sqfrbg.py[line:66] INFO Application_Failed!
2020-03-06 15:25:19,187 common_fun.py[line:17] INFO get screenshot application failed
2020-03-06 15:30:18,044 myunit.py[line:8] INFO =====setUp====
2020-03-06 15:30:23,194 loginView.py[line:16] INFO ============login_action==============
2020-03-06 15:30:23,195 loginView.py[line:17] INFO username is:admin
2020-03-06 15:30:23,240 loginView.py[line:20] INFO password is:123456
2020-03-06 15:30:23,294 loginView.py[line:23] INFO click loginBtn
2020-03-06 15:30:30,555 loginView.py[line:25] INFO login finished!
2020-03-06 15:30:30,555 loginView.py[line:37] INFO ====check_loginStatus======
2020-03-06 15:30:30,579 loginView.py[line:46] INFO login success!
2020-03-06 15:30:43,317 add_company.py[line:56] INFO 新增管护单位的责任主体名称是：1249
2020-03-06 15:31:04,663 test_sqfrbg.py[line:71] INFO Application_Succeed!
2020-03-06 15:31:04,663 test_sqfrbg.py[line:72] INFO Begin_Audits
2020-03-06 15:31:09,114 test_sqfrbg.py[line:76] INFO Audit_Failed!
2020-03-06 15:31:09,114 common_fun.py[line:17] INFO get screenshot audit failed
2020-03-06 15:31:09,524 myunit.py[line:8] INFO =====setUp====
2020-03-06 15:31:14,506 loginView.py[line:16] INFO ============login_action==============
2020-03-06 15:31:14,506 loginView.py[line:17] INFO username is:admin
2020-03-06 15:31:14,545 loginView.py[line:20] INFO password is:123456
2020-03-06 15:31:14,600 loginView.py[line:23] INFO click loginBtn
2020-03-06 15:31:22,516 loginView.py[line:25] INFO login finished!
2020-03-06 15:31:22,516 loginView.py[line:37] INFO ====check_loginStatus======
2020-03-06 15:31:22,533 loginView.py[line:46] INFO login success!
2020-03-06 15:31:35,425 add_company.py[line:56] INFO 新增管护单位的责任主体名称是：1549
2020-03-06 15:31:53,629 test_sqfrbg.py[line:66] INFO Application_Failed!
2020-03-06 15:31:53,630 common_fun.py[line:17] INFO get screenshot application failed
2020-03-06 15:32:09,266 myunit.py[line:8] INFO =====setUp====
2020-03-06 15:32:14,759 loginView.py[line:16] INFO ============login_action==============
2020-03-06 15:32:14,759 loginView.py[line:17] INFO username is:admin
2020-03-06 15:32:14,819 loginView.py[line:20] INFO password is:123456
2020-03-06 15:32:14,873 loginView.py[line:23] INFO click loginBtn
2020-03-06 15:32:22,401 loginView.py[line:25] INFO login finished!
2020-03-06 15:32:22,402 loginView.py[line:37] INFO ====check_loginStatus======
2020-03-06 15:32:22,422 loginView.py[line:46] INFO login success!
2020-03-06 15:32:34,987 add_company.py[line:56] INFO 新增管护单位的责任主体名称是：1858
2020-03-06 15:32:56,253 test_sqfrbg.py[line:71] INFO Application_Succeed!
2020-03-06 15:32:56,253 test_sqfrbg.py[line:72] INFO Begin_Audits
2020-03-06 15:32:59,766 test_sqfrbg.py[line:94] INFO Audit_Succeed!
2020-03-06 15:32:59,767 myunit.py[line:8] INFO =====setUp====
2020-03-06 15:33:04,916 loginView.py[line:16] INFO ============login_action==============
2020-03-06 15:33:04,916 loginView.py[line:17] INFO username is:admin
2020-03-06 15:33:04,960 loginView.py[line:20] INFO password is:123456
2020-03-06 15:33:05,017 loginView.py[line:23] INFO click loginBtn
2020-03-06 15:33:12,513 loginView.py[line:25] INFO login finished!
2020-03-06 15:33:12,513 loginView.py[line:37] INFO ====check_loginStatus======
2020-03-06 15:33:12,549 loginView.py[line:46] INFO login success!
2020-03-06 15:33:25,827 add_company.py[line:56] INFO 新增管护单位的责任主体名称是：1226
2020-03-06 15:33:44,989 test_sqfrbg.py[line:66] INFO Application_Failed!
2020-03-06 15:33:44,989 common_fun.py[line:17] INFO get screenshot application failed
2020-03-06 15:33:45,011 myunit.py[line:8] INFO =====setUp====
2020-03-06 15:34:11,248 myunit.py[line:8] INFO =====setUp====
2020-03-06 15:34:16,611 loginView.py[line:16] INFO ============login_action==============
2020-03-06 15:34:16,611 loginView.py[line:17] INFO username is:admin
2020-03-06 15:34:16,665 loginView.py[line:20] INFO password is:123456
2020-03-06 15:34:16,747 loginView.py[line:23] INFO click loginBtn
2020-03-06 15:34:23,913 loginView.py[line:25] INFO login finished!
2020-03-06 15:34:23,913 loginView.py[line:37] INFO ====check_loginStatus======
2020-03-06 15:34:23,944 loginView.py[line:46] INFO login success!
2020-03-06 15:34:36,591 add_company.py[line:56] INFO 新增管护单位的责任主体名称是：1675
2020-03-06 15:35:02,679 test_sqdwbg.py[line:60] INFO Application_Failed!
2020-03-06 15:35:02,680 common_fun.py[line:17] INFO get screenshot application failed
2020-03-06 15:35:03,064 myunit.py[line:8] INFO =====setUp====
2020-03-06 15:35:08,404 loginView.py[line:16] INFO ============login_action==============
2020-03-06 15:35:08,404 loginView.py[line:17] INFO username is:admin
2020-03-06 15:35:08,460 loginView.py[line:20] INFO password is:123456
2020-03-06 15:35:08,517 loginView.py[line:23] INFO click loginBtn
2020-03-06 15:35:15,818 loginView.py[line:25] INFO login finished!
2020-03-06 15:35:15,818 loginView.py[line:37] INFO ====check_loginStatus======
2020-03-06 15:35:15,865 loginView.py[line:46] INFO login success!
2020-03-06 15:35:28,644 add_company.py[line:56] INFO 新增管护单位的责任主体名称是：1197
2020-03-06 15:36:00,228 test_sqdwbg.py[line:53] INFO Application_Failed!
2020-03-06 15:36:00,228 common_fun.py[line:17] INFO get screenshot application failed
2020-03-06 15:37:30,535 myunit.py[line:8] INFO =====setUp====
2020-03-06 15:37:35,878 loginView.py[line:16] INFO ============login_action==============
2020-03-06 15:37:35,878 loginView.py[line:17] INFO username is:admin
2020-03-06 15:37:35,924 loginView.py[line:20] INFO password is:123456
2020-03-06 15:37:35,982 loginView.py[line:23] INFO click loginBtn
2020-03-06 15:37:43,908 loginView.py[line:25] INFO login finished!
2020-03-06 15:37:43,908 loginView.py[line:37] INFO ====check_loginStatus======
2020-03-06 15:37:43,930 loginView.py[line:46] INFO login success!
2020-03-06 15:37:56,179 add_company.py[line:56] INFO 新增管护单位的责任主体名称是：1888
2020-03-06 15:38:17,317 test_sqfrbg.py[line:71] INFO Application_Succeed!
2020-03-06 15:38:17,317 test_sqfrbg.py[line:72] INFO Begin_Audits
2020-03-06 15:38:21,026 test_sqfrbg.py[line:94] INFO Audit_Succeed!
2020-03-06 15:38:21,026 myunit.py[line:8] INFO =====setUp====
2020-03-06 15:38:26,523 loginView.py[line:16] INFO ============login_action==============
2020-03-06 15:38:26,523 loginView.py[line:17] INFO username is:admin
2020-03-06 15:38:26,567 loginView.py[line:20] INFO password is:123456
2020-03-06 15:38:26,627 loginView.py[line:23] INFO click loginBtn
2020-03-06 15:38:34,073 loginView.py[line:25] INFO login finished!
2020-03-06 15:38:34,073 loginView.py[line:37] INFO ====check_loginStatus======
2020-03-06 15:38:34,091 loginView.py[line:46] INFO login success!
2020-03-06 15:38:47,119 add_company.py[line:56] INFO 新增管护单位的责任主体名称是：1951
2020-03-06 15:39:05,165 test_sqfrbg.py[line:66] INFO Application_Failed!
2020-03-06 15:39:05,165 common_fun.py[line:17] INFO get screenshot application failed
2020-03-09 09:27:04,222 myunit.py[line:8] INFO =====setUp====
2020-03-09 09:27:32,502 myunit.py[line:8] INFO =====setUp====
2020-03-09 09:27:44,536 loginView.py[line:16] INFO ============login_action==============
2020-03-09 09:27:44,536 loginView.py[line:17] INFO username is:admin
2020-03-09 09:27:44,583 loginView.py[line:20] INFO password is:123456
2020-03-09 09:27:44,646 loginView.py[line:23] INFO click loginBtn
2020-03-09 09:27:52,738 loginView.py[line:25] INFO login finished!
2020-03-09 09:27:52,739 loginView.py[line:37] INFO ====check_loginStatus======
2020-03-09 09:27:52,753 loginView.py[line:46] INFO login success!
2020-03-09 09:28:06,023 add_company.py[line:56] INFO 新增管护单位的责任主体名称是：1462
2020-03-09 09:28:33,981 test_sqdwbg.py[line:60] INFO Application_Failed!
2020-03-09 09:28:33,982 common_fun.py[line:17] INFO get screenshot application failed
2020-03-09 09:28:36,413 myunit.py[line:8] INFO =====setUp====
2020-03-09 09:28:41,839 loginView.py[line:16] INFO ============login_action==============
2020-03-09 09:28:41,839 loginView.py[line:17] INFO username is:admin
2020-03-09 09:28:41,879 loginView.py[line:20] INFO password is:123456
2020-03-09 09:28:42,023 loginView.py[line:23] INFO click loginBtn
2020-03-09 09:28:50,637 loginView.py[line:25] INFO login finished!
2020-03-09 09:28:50,637 loginView.py[line:37] INFO ====check_loginStatus======
2020-03-09 09:28:51,143 loginView.py[line:46] INFO login success!
2020-03-09 09:29:09,764 add_company.py[line:56] INFO 新增管护单位的责任主体名称是：1431
2020-03-09 10:36:40,597 myunit.py[line:8] INFO =====setUp====
2020-03-09 10:36:46,142 loginView.py[line:16] INFO ============login_action==============
2020-03-09 10:36:46,142 loginView.py[line:17] INFO username is:admin
2020-03-09 10:36:46,186 loginView.py[line:20] INFO password is:123456
2020-03-09 10:36:46,247 loginView.py[line:23] INFO click loginBtn
2020-03-09 10:36:53,704 loginView.py[line:25] INFO login finished!
2020-03-09 10:36:53,704 loginView.py[line:37] INFO ====check_loginStatus======
2020-03-09 10:36:53,723 loginView.py[line:46] INFO login success!
2020-03-09 10:37:06,239 add_company.py[line:56] INFO 新增管护单位的责任主体名称是：1349
2020-03-09 10:37:32,366 test_sqdwbg.py[line:60] INFO Application_Failed!
2020-03-09 10:37:32,366 common_fun.py[line:17] INFO get screenshot application failed
2020-03-09 10:37:34,866 myunit.py[line:8] INFO =====setUp====
2020-03-09 10:37:40,011 loginView.py[line:16] INFO ============login_action==============
2020-03-09 10:37:40,011 loginView.py[line:17] INFO username is:admin
2020-03-09 10:37:40,056 loginView.py[line:20] INFO password is:123456
2020-03-09 10:37:40,108 loginView.py[line:23] INFO click loginBtn
2020-03-09 10:37:47,839 loginView.py[line:25] INFO login finished!
2020-03-09 10:37:47,839 loginView.py[line:37] INFO ====check_loginStatus======
2020-03-09 10:37:47,857 loginView.py[line:46] INFO login success!
2020-03-09 10:38:00,628 add_company.py[line:56] INFO 新增管护单位的责任主体名称是：1705
2020-03-09 10:38:32,225 test_sqdwbg.py[line:53] INFO Application_Failed!
2020-03-09 10:38:32,225 common_fun.py[line:17] INFO get screenshot application failed
2020-03-09 11:19:20,972 myunit.py[line:8] INFO =====setUp====
2020-03-09 11:19:26,526 loginView.py[line:16] INFO ============login_action==============
2020-03-09 11:19:26,526 loginView.py[line:17] INFO username is:admin
2020-03-09 11:19:26,575 loginView.py[line:20] INFO password is:123456
2020-03-09 11:19:26,631 loginView.py[line:23] INFO click loginBtn
2020-03-09 11:19:34,322 loginView.py[line:25] INFO login finished!
2020-03-09 11:19:34,322 loginView.py[line:37] INFO ====check_loginStatus======
2020-03-09 11:19:34,344 loginView.py[line:46] INFO login success!
2020-03-09 11:19:46,987 add_company.py[line:56] INFO 新增管护单位的责任主体名称是：1463
2020-03-09 11:20:13,087 ss_dwbg.py[line:58] INFO Application_Failed!
2020-03-09 11:20:13,088 common_fun.py[line:17] INFO get screenshot application failed
2020-03-09 11:20:15,564 myunit.py[line:8] INFO =====setUp====
2020-03-09 11:20:20,975 loginView.py[line:16] INFO ============login_action==============
2020-03-09 11:20:20,976 loginView.py[line:17] INFO username is:admin
2020-03-09 11:20:21,019 loginView.py[line:20] INFO password is:123456
2020-03-09 11:20:21,076 loginView.py[line:23] INFO click loginBtn
2020-03-09 11:20:28,378 loginView.py[line:25] INFO login finished!
2020-03-09 11:20:28,378 loginView.py[line:37] INFO ====check_loginStatus======
2020-03-09 11:20:28,407 loginView.py[line:46] INFO login success!
2020-03-09 11:20:41,374 add_company.py[line:56] INFO 新增管护单位的责任主体名称是：1744
2020-03-09 11:21:12,770 ss_dwbg.py[line:53] INFO Application_Failed!
2020-03-09 11:21:12,770 common_fun.py[line:17] INFO get screenshot application failed
2020-03-09 16:51:18,365 myunit.py[line:8] INFO =====setUp====
2020-03-09 16:51:23,973 loginView.py[line:16] INFO ============login_action==============
2020-03-09 16:51:23,974 loginView.py[line:17] INFO username is:admin
2020-03-09 16:51:24,018 loginView.py[line:20] INFO password is:123456
2020-03-09 16:51:24,077 loginView.py[line:23] INFO click loginBtn
2020-03-09 16:51:32,143 loginView.py[line:25] INFO login finished!
2020-03-09 16:51:32,143 loginView.py[line:37] INFO ====check_loginStatus======
2020-03-09 16:51:32,161 loginView.py[line:46] INFO login success!
2020-03-09 16:51:44,947 add_company.py[line:56] INFO 新增管护单位的责任主体名称是：1034
2020-03-09 16:52:11,132 test_sqdwbg.py[line:60] INFO Application_Failed!
2020-03-09 16:52:11,133 common_fun.py[line:17] INFO get screenshot application failed
2020-03-09 16:52:13,576 myunit.py[line:8] INFO =====setUp====
2020-03-09 16:52:19,061 loginView.py[line:16] INFO ============login_action==============
2020-03-09 16:52:19,061 loginView.py[line:17] INFO username is:admin
2020-03-09 16:52:19,101 loginView.py[line:20] INFO password is:123456
2020-03-09 16:52:19,159 loginView.py[line:23] INFO click loginBtn
2020-03-09 16:52:26,590 loginView.py[line:25] INFO login finished!
2020-03-09 16:52:26,590 loginView.py[line:37] INFO ====check_loginStatus======
2020-03-09 16:52:26,609 loginView.py[line:46] INFO login success!
2020-03-09 16:52:39,384 add_company.py[line:56] INFO 新增管护单位的责任主体名称是：1148
2020-03-09 16:53:10,852 test_sqdwbg.py[line:53] INFO Application_Failed!
2020-03-09 16:53:10,852 common_fun.py[line:17] INFO get screenshot application failed
2020-03-09 16:53:49,908 myunit.py[line:8] INFO =====setUp====
2020-03-09 16:53:56,475 loginView.py[line:16] INFO ============login_action==============
2020-03-09 16:53:56,476 loginView.py[line:17] INFO username is:admin
2020-03-09 16:53:56,528 loginView.py[line:20] INFO password is:123456
2020-03-09 16:53:56,584 loginView.py[line:23] INFO click loginBtn
2020-03-09 16:54:04,100 loginView.py[line:25] INFO login finished!
2020-03-09 16:54:04,100 loginView.py[line:37] INFO ====check_loginStatus======
2020-03-09 16:54:04,133 loginView.py[line:46] INFO login success!
2020-03-09 16:54:16,818 add_company.py[line:56] INFO 新增管护单位的责任主体名称是：1111
2020-03-09 16:54:37,795 test_sqfrbg.py[line:71] INFO Application_Succeed!
2020-03-09 16:54:37,795 test_sqfrbg.py[line:72] INFO Begin_Audits
2020-03-09 16:54:41,290 test_sqfrbg.py[line:94] INFO Audit_Succeed!
2020-03-09 16:54:43,378 myunit.py[line:8] INFO =====setUp====
2020-03-09 16:54:48,981 loginView.py[line:16] INFO ============login_action==============
2020-03-09 16:54:48,981 loginView.py[line:17] INFO username is:admin
2020-03-09 16:54:49,028 loginView.py[line:20] INFO password is:123456
2020-03-09 16:54:49,088 loginView.py[line:23] INFO click loginBtn
2020-03-09 16:54:56,776 loginView.py[line:25] INFO login finished!
2020-03-09 16:54:56,777 loginView.py[line:37] INFO ====check_loginStatus======
2020-03-09 16:54:56,796 loginView.py[line:46] INFO login success!
2020-03-09 16:55:09,598 add_company.py[line:56] INFO 新增管护单位的责任主体名称是：1048
2020-03-09 16:55:27,611 test_sqfrbg.py[line:66] INFO Application_Failed!
2020-03-09 16:55:27,611 common_fun.py[line:17] INFO get screenshot application failed
2020-04-02 09:21:54,956 myunit.py[line:8] INFO =====setUp====
2020-04-02 09:21:59,814 loginView.py[line:16] INFO ============login_action==============
2020-04-02 09:21:59,814 loginView.py[line:17] INFO username is:admin
2020-04-02 09:21:59,854 loginView.py[line:20] INFO password is:123456
2020-04-02 09:21:59,908 loginView.py[line:23] INFO click loginBtn
2020-04-02 09:22:06,984 loginView.py[line:25] INFO login finished!
2020-04-02 09:22:06,984 loginView.py[line:37] INFO ====check_loginStatus======
2020-04-02 09:22:06,999 loginView.py[line:46] INFO login success!
2020-04-02 09:22:19,486 add_company.py[line:56] INFO 新增管护单位的责任主体名称是：1142
2020-04-02 09:22:47,839 test_sqdwbg.py[line:60] INFO Application_Failed!
2020-04-02 09:22:47,839 common_fun.py[line:17] INFO get screenshot application failed
2020-04-02 09:22:50,283 myunit.py[line:8] INFO =====setUp====
2020-04-02 09:22:55,233 loginView.py[line:16] INFO ============login_action==============
2020-04-02 09:22:55,233 loginView.py[line:17] INFO username is:admin
2020-04-02 09:22:55,273 loginView.py[line:20] INFO password is:123456
2020-04-02 09:22:55,331 loginView.py[line:23] INFO click loginBtn
2020-04-02 09:23:02,767 loginView.py[line:25] INFO login finished!
2020-04-02 09:23:02,767 loginView.py[line:37] INFO ====check_loginStatus======
2020-04-02 09:23:02,786 loginView.py[line:46] INFO login success!
2020-04-02 09:23:15,282 add_company.py[line:56] INFO 新增管护单位的责任主体名称是：1123
2020-04-02 09:23:46,237 test_sqdwbg.py[line:53] INFO Application_Failed!
2020-04-02 09:23:46,237 common_fun.py[line:17] INFO get screenshot application failed
2020-04-02 15:21:52,086 loginView.py[line:16] INFO ============login_action==============
2020-04-02 15:21:52,086 loginView.py[line:17] INFO username is:admin
2020-04-02 15:21:52,134 loginView.py[line:20] INFO password is:123456
2020-04-02 15:21:52,189 loginView.py[line:23] INFO click loginBtn
2020-04-02 15:22:02,657 loginView.py[line:25] INFO login finished!
2020-04-02 15:22:02,657 loginView.py[line:37] INFO ====check_loginStatus======
2020-04-02 15:22:02,752 loginView.py[line:46] INFO login success!
2020-04-02 15:22:15,492 add_company.py[line:56] INFO 新增管护单位的责任主体名称是：1045
2020-04-02 15:22:53,086 test_sqdwbg.py[line:60] INFO Application_Failed!
2020-04-02 15:22:53,086 common_fun.py[line:17] INFO get screenshot application failed
2020-04-02 15:23:01,168 loginView.py[line:16] INFO ============login_action==============
2020-04-02 15:23:01,168 loginView.py[line:17] INFO username is:admin
2020-04-02 15:23:01,216 loginView.py[line:20] INFO password is:123456
2020-04-02 15:23:01,268 loginView.py[line:23] INFO click loginBtn
2020-04-02 15:23:10,314 loginView.py[line:25] INFO login finished!
2020-04-02 15:23:10,314 loginView.py[line:37] INFO ====check_loginStatus======
2020-04-02 15:23:10,329 loginView.py[line:46] INFO login success!
2020-04-02 15:24:02,322 add_company.py[line:56] INFO 新增管护单位的责任主体名称是：1492
2020-04-02 15:24:07,353 test_sqdwbg.py[line:60] INFO Application_Failed!
2020-04-02 15:24:07,353 common_fun.py[line:17] INFO get screenshot application failed
2020-04-03 09:27:37,456 loginView.py[line:16] INFO ============login_action==============
2020-04-03 09:27:37,457 loginView.py[line:17] INFO username is:admin
2020-04-03 09:27:37,503 loginView.py[line:20] INFO password is:123456
2020-04-03 09:27:37,561 loginView.py[line:23] INFO click loginBtn
2020-04-03 09:27:46,618 loginView.py[line:25] INFO login finished!
2020-04-03 09:27:46,619 loginView.py[line:37] INFO ====check_loginStatus======
2020-04-03 09:27:46,691 loginView.py[line:46] INFO login success!
2020-04-03 09:27:59,397 add_company.py[line:56] INFO 新增管护单位的责任主体名称是：1524
2020-04-03 09:28:24,952 test_sqdwbg.py[line:60] INFO Application_Failed!
2020-04-03 09:28:24,952 common_fun.py[line:17] INFO get screenshot application failed
2020-04-03 09:28:32,792 loginView.py[line:16] INFO ============login_action==============
2020-04-03 09:28:32,793 loginView.py[line:17] INFO username is:admin
2020-04-03 09:28:32,836 loginView.py[line:20] INFO password is:123456
2020-04-03 09:28:32,892 loginView.py[line:23] INFO click loginBtn
2020-04-03 09:28:41,091 loginView.py[line:25] INFO login finished!
2020-04-03 09:28:41,091 loginView.py[line:37] INFO ====check_loginStatus======
2020-04-03 09:28:41,109 loginView.py[line:46] INFO login success!
2020-04-03 09:28:53,557 add_company.py[line:56] INFO 新增管护单位的责任主体名称是：1587
2020-04-03 09:29:23,939 test_sqdwbg.py[line:53] INFO Application_Failed!
2020-04-03 09:29:23,939 common_fun.py[line:17] INFO get screenshot application failed
2020-04-03 09:40:58,024 loginView.py[line:16] INFO ============login_action==============
2020-04-03 09:40:58,024 loginView.py[line:17] INFO username is:admin
2020-04-03 09:40:58,064 loginView.py[line:20] INFO password is:123456
2020-04-03 09:40:58,123 loginView.py[line:23] INFO click loginBtn
2020-04-03 09:41:05,346 loginView.py[line:25] INFO login finished!
2020-04-03 09:41:05,347 loginView.py[line:37] INFO ====check_loginStatus======
2020-04-03 09:41:05,377 loginView.py[line:46] INFO login success!
2020-04-03 09:41:18,329 add_company.py[line:56] INFO 新增管护单位的责任主体名称是：1053
2020-04-03 09:41:44,027 test_sqdwbg.py[line:60] INFO Application_Failed!
2020-04-03 09:41:44,027 common_fun.py[line:17] INFO get screenshot application failed
2020-04-03 09:41:51,914 loginView.py[line:16] INFO ============login_action==============
2020-04-03 09:41:51,914 loginView.py[line:17] INFO username is:admin
2020-04-03 09:41:51,965 loginView.py[line:20] INFO password is:123456
2020-04-03 09:41:52,023 loginView.py[line:23] INFO click loginBtn
2020-04-03 09:41:59,386 loginView.py[line:25] INFO login finished!
2020-04-03 09:41:59,386 loginView.py[line:37] INFO ====check_loginStatus======
2020-04-03 09:41:59,406 loginView.py[line:46] INFO login success!
2020-04-03 09:42:11,928 add_company.py[line:56] INFO 新增管护单位的责任主体名称是：1467
2020-04-03 09:42:43,085 test_sqdwbg.py[line:53] INFO Application_Failed!
2020-04-03 09:42:43,085 common_fun.py[line:17] INFO get screenshot application failed
2020-04-03 15:05:47,881 loginView.py[line:16] INFO ============login_action==============
2020-04-03 15:05:47,881 loginView.py[line:17] INFO username is:admin
2020-04-03 15:05:47,924 loginView.py[line:20] INFO password is:123456
2020-04-03 15:05:47,988 loginView.py[line:23] INFO click loginBtn
2020-04-03 15:05:55,017 loginView.py[line:25] INFO login finished!
2020-04-03 15:05:55,017 loginView.py[line:37] INFO ====check_loginStatus======
2020-04-03 15:05:55,056 loginView.py[line:46] INFO login success!
2020-04-03 15:06:08,119 add_company.py[line:56] INFO 新增管护单位的责任主体名称是：1210
2020-04-03 15:06:33,803 test_sqdwbg.py[line:60] INFO Application_Failed!
2020-04-03 15:06:33,803 common_fun.py[line:17] INFO get screenshot application failed
2020-04-03 15:06:42,097 loginView.py[line:16] INFO ============login_action==============
2020-04-03 15:06:42,097 loginView.py[line:17] INFO username is:admin
2020-04-03 15:06:42,153 loginView.py[line:20] INFO password is:123456
2020-04-03 15:06:42,226 loginView.py[line:23] INFO click loginBtn
2020-04-03 15:06:48,983 loginView.py[line:25] INFO login finished!
2020-04-03 15:06:48,983 loginView.py[line:37] INFO ====check_loginStatus======
2020-04-03 15:06:49,004 loginView.py[line:46] INFO login success!
2020-04-03 15:07:02,106 add_company.py[line:56] INFO 新增管护单位的责任主体名称是：1200
2020-04-03 15:07:33,135 test_sqdwbg.py[line:53] INFO Application_Failed!
2020-04-03 15:07:33,135 common_fun.py[line:17] INFO get screenshot application failed
2020-04-03 15:18:02,381 loginView.py[line:16] INFO ============login_action==============
2020-04-03 15:18:02,382 loginView.py[line:17] INFO username is:admin
2020-04-03 15:18:02,425 loginView.py[line:20] INFO password is:123456
2020-04-03 15:18:02,478 loginView.py[line:23] INFO click loginBtn
2020-04-03 15:18:10,062 loginView.py[line:25] INFO login finished!
2020-04-03 15:18:10,062 loginView.py[line:37] INFO ====check_loginStatus======
2020-04-03 15:18:10,082 loginView.py[line:46] INFO login success!
2020-04-03 15:18:22,630 add_company.py[line:56] INFO 新增管护单位的责任主体名称是：1043
2020-04-03 15:18:48,277 test_sqdwbg.py[line:60] INFO Application_Failed!
2020-04-03 15:18:48,277 common_fun.py[line:17] INFO get screenshot application failed
2020-04-03 15:18:48,985 loginView.py[line:16] INFO ============login_action==============
2020-04-03 15:18:48,985 loginView.py[line:17] INFO username is:admin
2020-04-03 15:19:06,680 loginView.py[line:16] INFO ============login_action==============
2020-04-03 15:19:06,680 loginView.py[line:17] INFO username is:admin
2020-04-03 15:19:06,734 loginView.py[line:20] INFO password is:123456
2020-04-03 15:19:06,786 loginView.py[line:23] INFO click loginBtn
2020-04-03 15:19:35,796 loginView.py[line:25] INFO login finished!
2020-04-03 15:19:35,796 loginView.py[line:37] INFO ====check_loginStatus======
2020-04-03 15:29:27,787 loginView.py[line:16] INFO ============login_action==============
2020-04-03 15:29:27,787 loginView.py[line:17] INFO username is:admin
2020-04-03 15:29:27,832 loginView.py[line:20] INFO password is:123456
2020-04-03 15:29:27,886 loginView.py[line:23] INFO click loginBtn
2020-04-03 15:29:38,120 loginView.py[line:25] INFO login finished!
2020-04-03 15:29:38,120 loginView.py[line:37] INFO ====check_loginStatus======
2020-04-03 15:29:38,197 loginView.py[line:46] INFO login success!
2020-04-03 15:29:50,897 add_company.py[line:56] INFO 新增管护单位的责任主体名称是：1174
2020-04-03 15:30:16,548 test_sqdwbg.py[line:60] INFO Application_Failed!
2020-04-03 15:30:16,548 common_fun.py[line:17] INFO get screenshot application failed
2020-04-03 15:30:17,291 loginView.py[line:16] INFO ============login_action==============
2020-04-03 15:30:17,291 loginView.py[line:17] INFO username is:admin
2020-04-03 15:30:34,917 loginView.py[line:16] INFO ============login_action==============
2020-04-03 15:30:34,918 loginView.py[line:17] INFO username is:admin
2020-04-03 15:30:34,964 loginView.py[line:20] INFO password is:123456
2020-04-03 15:30:35,019 loginView.py[line:23] INFO click loginBtn
2020-04-03 15:30:42,510 loginView.py[line:25] INFO login finished!
2020-04-03 15:30:42,510 loginView.py[line:37] INFO ====check_loginStatus======
2020-04-03 15:30:42,535 loginView.py[line:46] INFO login success!
2020-04-03 15:30:55,029 add_company.py[line:56] INFO 新增管护单位的责任主体名称是：1868
2020-04-03 15:31:25,917 test_sqdwbg.py[line:53] INFO Application_Failed!
2020-04-03 15:31:25,917 common_fun.py[line:17] INFO get screenshot application failed
2020-04-03 15:31:26,633 loginView.py[line:16] INFO ============login_action==============
2020-04-03 15:31:26,633 loginView.py[line:17] INFO username is:admin
2020-04-24 14:54:31,081 loginView.py[line:16] INFO ============login_action==============
2020-04-24 14:54:31,083 loginView.py[line:17] INFO username is:admin
2020-04-24 14:54:31,140 loginView.py[line:20] INFO password is:123456
2020-04-24 14:54:31,203 loginView.py[line:23] INFO click loginBtn
2020-04-24 14:54:38,693 loginView.py[line:25] INFO login finished!
2020-04-24 14:54:38,693 loginView.py[line:37] INFO ====check_loginStatus======
2020-04-24 14:54:39,587 loginView.py[line:46] INFO login success!
2020-04-24 14:54:53,304 add_company.py[line:56] INFO 新增管护单位的责任主体名称是：1897
2020-04-24 14:55:23,373 test_sqdwbg.py[line:60] INFO Application_Failed!
2020-04-24 14:55:23,373 common_fun.py[line:17] INFO get screenshot application failed
2020-04-24 14:55:24,097 loginView.py[line:16] INFO ============login_action==============
2020-04-24 14:55:24,098 loginView.py[line:17] INFO username is:admin
2020-04-24 14:55:41,740 loginView.py[line:16] INFO ============login_action==============
2020-04-24 14:55:41,740 loginView.py[line:17] INFO username is:admin
2020-04-24 14:55:41,791 loginView.py[line:20] INFO password is:123456
2020-04-24 14:55:41,855 loginView.py[line:23] INFO click loginBtn
2020-04-24 14:55:48,946 loginView.py[line:25] INFO login finished!
2020-04-24 14:55:48,946 loginView.py[line:37] INFO ====check_loginStatus======
2020-04-24 14:55:48,965 loginView.py[line:46] INFO login success!
2020-04-24 14:56:01,669 add_company.py[line:56] INFO 新增管护单位的责任主体名称是：1827
2020-04-24 14:56:33,000 test_sqdwbg.py[line:53] INFO Application_Failed!
2020-04-24 14:56:33,000 common_fun.py[line:17] INFO get screenshot application failed
2020-04-24 14:56:33,807 loginView.py[line:16] INFO ============login_action==============
2020-04-24 14:56:33,807 loginView.py[line:17] INFO username is:admin
2020-04-24 16:41:45,648 loginView.py[line:16] INFO ============login_action==============
2020-04-24 16:41:45,649 loginView.py[line:17] INFO username is:admin
2020-04-24 16:41:45,808 loginView.py[line:20] INFO password is:123456
2020-04-24 16:41:45,901 loginView.py[line:23] INFO click loginBtn
2020-04-24 16:41:54,646 loginView.py[line:25] INFO login finished!
2020-04-24 16:41:54,646 loginView.py[line:37] INFO ====check_loginStatus======
2020-04-24 16:41:54,664 loginView.py[line:46] INFO login success!
2020-04-24 16:42:08,862 add_company.py[line:56] INFO 新增管护单位的责任主体名称是：1066
2020-04-24 16:42:35,316 test_sqdwbg.py[line:60] INFO Application_Failed!
2020-04-24 16:42:35,316 common_fun.py[line:17] INFO get screenshot application failed
2020-04-24 16:42:36,095 loginView.py[line:16] INFO ============login_action==============
2020-04-24 16:42:36,095 loginView.py[line:17] INFO username is:admin
2020-04-24 16:42:53,604 loginView.py[line:16] INFO ============login_action==============
2020-04-24 16:42:53,604 loginView.py[line:17] INFO username is:admin
2020-04-24 16:42:53,667 loginView.py[line:20] INFO password is:123456
2020-04-24 16:42:53,733 loginView.py[line:23] INFO click loginBtn
2020-04-24 16:43:01,999 loginView.py[line:25] INFO login finished!
2020-04-24 16:43:01,999 loginView.py[line:37] INFO ====check_loginStatus======
2020-04-24 16:43:02,016 loginView.py[line:46] INFO login success!
2020-04-24 16:43:15,672 add_company.py[line:56] INFO 新增管护单位的责任主体名称是：1926
2020-04-24 16:43:47,429 test_sqdwbg.py[line:53] INFO Application_Failed!
2020-04-24 16:43:47,429 common_fun.py[line:17] INFO get screenshot application failed
2020-04-24 16:43:48,210 loginView.py[line:16] INFO ============login_action==============
2020-04-24 16:43:48,211 loginView.py[line:17] INFO username is:admin
2020-04-27 16:32:36,229 loginView.py[line:16] INFO ============login_action==============
2020-04-27 16:32:36,229 loginView.py[line:17] INFO username is:admin
2020-04-27 16:32:36,293 loginView.py[line:20] INFO password is:123456
2020-04-27 16:32:36,377 loginView.py[line:23] INFO click loginBtn
2020-04-27 16:32:44,952 loginView.py[line:25] INFO login finished!
2020-04-27 16:32:44,952 loginView.py[line:37] INFO ====check_loginStatus======
2020-04-27 16:32:44,971 loginView.py[line:46] INFO login success!
2020-06-09 09:54:03,600 loginView.py[line:16] INFO ============login_action==============
2020-06-09 09:54:03,600 loginView.py[line:17] INFO username is:admin
2020-06-09 09:54:03,638 loginView.py[line:20] INFO password is:123456
2020-06-09 09:54:03,693 loginView.py[line:23] INFO click loginBtn
2020-06-09 09:54:11,211 loginView.py[line:25] INFO login finished!
2020-06-09 09:54:11,211 loginView.py[line:37] INFO ====check_loginStatus======
2020-06-09 09:54:11,228 loginView.py[line:46] INFO login success!
2020-06-09 09:54:23,846 add_company.py[line:56] INFO 新增管护单位的责任主体名称是：1756
2020-06-09 09:54:52,229 test_sqdwbg.py[line:60] INFO Application_Failed!
2020-06-09 09:54:52,229 common_fun.py[line:17] INFO get screenshot application failed
2020-06-09 09:54:52,931 loginView.py[line:16] INFO ============login_action==============
2020-06-09 09:54:52,931 loginView.py[line:17] INFO username is:admin
2020-06-09 09:55:10,526 loginView.py[line:16] INFO ============login_action==============
2020-06-09 09:55:10,526 loginView.py[line:17] INFO username is:admin
2020-06-09 09:55:10,565 loginView.py[line:20] INFO password is:123456
2020-06-09 09:55:10,619 loginView.py[line:23] INFO click loginBtn
2020-06-09 09:55:18,113 loginView.py[line:25] INFO login finished!
2020-06-09 09:55:18,113 loginView.py[line:37] INFO ====check_loginStatus======
2020-06-09 09:55:18,130 loginView.py[line:46] INFO login success!
2020-06-09 09:55:30,653 add_company.py[line:56] INFO 新增管护单位的责任主体名称是：1172
2020-06-09 09:56:01,380 test_sqdwbg.py[line:53] INFO Application_Failed!
2020-06-09 09:56:01,380 common_fun.py[line:17] INFO get screenshot application failed
2020-06-09 09:56:02,178 loginView.py[line:16] INFO ============login_action==============
2020-06-09 09:56:02,178 loginView.py[line:17] INFO username is:admin
2020-07-03 15:01:16,825 loginView.py[line:16] INFO ============login_action==============
2020-07-03 15:01:16,828 loginView.py[line:17] INFO username is:admin
2020-07-03 15:01:16,875 loginView.py[line:20] INFO password is:123456
2020-07-03 15:01:16,937 loginView.py[line:23] INFO click loginBtn
2020-07-03 15:01:24,517 loginView.py[line:25] INFO login finished!
2020-07-03 15:01:24,519 loginView.py[line:37] INFO ====check_loginStatus======
2020-07-03 15:01:24,549 loginView.py[line:46] INFO login success!
2020-07-03 15:01:37,382 add_company.py[line:56] INFO 新增管护单位的责任主体名称是：1386
2020-07-03 15:02:03,526 test_sqdwbg.py[line:60] INFO Application_Failed!
2020-07-03 15:02:03,526 common_fun.py[line:17] INFO get screenshot application failed
2020-07-03 15:02:04,289 loginView.py[line:16] INFO ============login_action==============
2020-07-03 15:02:04,289 loginView.py[line:17] INFO username is:admin
2020-07-03 15:02:22,690 loginView.py[line:16] INFO ============login_action==============
2020-07-03 15:02:22,690 loginView.py[line:17] INFO username is:admin
2020-07-03 15:02:22,736 loginView.py[line:20] INFO password is:123456
2020-07-03 15:02:22,793 loginView.py[line:23] INFO click loginBtn
2020-07-03 15:02:32,049 loginView.py[line:25] INFO login finished!
2020-07-03 15:02:32,049 loginView.py[line:37] INFO ====check_loginStatus======
2020-07-03 15:02:32,105 loginView.py[line:46] INFO login success!
2020-07-03 15:02:45,069 add_company.py[line:56] INFO 新增管护单位的责任主体名称是：1829
2020-07-03 15:03:16,384 test_sqdwbg.py[line:53] INFO Application_Failed!
2020-07-03 15:03:16,384 common_fun.py[line:17] INFO get screenshot application failed
2020-07-03 15:03:17,209 loginView.py[line:16] INFO ============login_action==============
2020-07-03 15:03:17,209 loginView.py[line:17] INFO username is:admin
2020-07-03 15:10:15,407 loginView.py[line:16] INFO ============login_action==============
2020-07-03 15:10:15,407 loginView.py[line:17] INFO username is:admin
2020-07-03 15:10:15,451 loginView.py[line:20] INFO password is:123456
2020-07-03 15:10:15,516 loginView.py[line:23] INFO click loginBtn
2020-07-03 15:10:23,144 loginView.py[line:25] INFO login finished!
2020-07-03 15:10:23,144 loginView.py[line:37] INFO ====check_loginStatus======
2020-07-03 15:10:23,164 loginView.py[line:46] INFO login success!
2020-07-03 15:10:35,946 add_company.py[line:56] INFO 新增管护单位的责任主体名称是：1924
2020-07-03 15:11:01,868 test_sqdwbg.py[line:60] INFO Application_Failed!
2020-07-03 15:11:01,868 common_fun.py[line:17] INFO get screenshot application failed
2020-07-03 15:11:02,627 loginView.py[line:16] INFO ============login_action==============
2020-07-03 15:11:02,627 loginView.py[line:17] INFO username is:admin
2020-07-03 15:11:20,979 loginView.py[line:16] INFO ============login_action==============
2020-07-03 15:11:20,979 loginView.py[line:17] INFO username is:admin
2020-07-03 15:11:21,032 loginView.py[line:20] INFO password is:123456
2020-07-03 15:11:21,095 loginView.py[line:23] INFO click loginBtn
2020-07-03 15:11:28,388 loginView.py[line:25] INFO login finished!
2020-07-03 15:11:28,388 loginView.py[line:37] INFO ====check_loginStatus======
2020-07-03 15:11:28,413 loginView.py[line:46] INFO login success!
2020-07-03 15:11:41,720 add_company.py[line:56] INFO 新增管护单位的责任主体名称是：1808
2020-07-03 15:12:12,502 test_sqdwbg.py[line:53] INFO Application_Failed!
2020-07-03 15:12:12,502 common_fun.py[line:17] INFO get screenshot application failed
2020-07-03 15:12:13,299 loginView.py[line:16] INFO ============login_action==============
2020-07-03 15:12:13,299 loginView.py[line:17] INFO username is:admin
2020-07-03 15:21:43,618 loginView.py[line:16] INFO ============login_action==============
2020-07-03 15:21:43,618 loginView.py[line:17] INFO username is:admin
2020-07-03 15:21:43,676 loginView.py[line:20] INFO password is:123456
2020-07-03 15:21:43,734 loginView.py[line:23] INFO click loginBtn
2020-07-03 15:21:51,118 loginView.py[line:25] INFO login finished!
2020-07-03 15:21:51,118 loginView.py[line:37] INFO ====check_loginStatus======
2020-07-03 15:21:51,158 loginView.py[line:46] INFO login success!
2020-07-03 15:22:04,237 add_company.py[line:56] INFO 新增管护单位的责任主体名称是：1888
2020-07-03 15:22:30,137 test_sqdwbg.py[line:66] INFO Application_Failed!
2020-07-03 15:22:30,137 common_fun.py[line:17] INFO get screenshot application failed
2020-07-03 15:22:30,881 loginView.py[line:16] INFO ============login_action==============
2020-07-03 15:22:30,881 loginView.py[line:17] INFO username is:admin
2020-07-03 15:22:49,387 loginView.py[line:16] INFO ============login_action==============
2020-07-03 15:22:49,388 loginView.py[line:17] INFO username is:admin
2020-07-03 15:22:49,433 loginView.py[line:20] INFO password is:123456
2020-07-03 15:22:49,496 loginView.py[line:23] INFO click loginBtn
2020-07-03 15:22:56,992 loginView.py[line:25] INFO login finished!
2020-07-03 15:22:56,992 loginView.py[line:37] INFO ====check_loginStatus======
2020-07-03 15:22:57,013 loginView.py[line:46] INFO login success!
2020-07-03 15:23:09,799 add_company.py[line:56] INFO 新增管护单位的责任主体名称是：1543
2020-07-03 15:23:40,618 test_sqdwbg.py[line:53] INFO Application_Failed!
2020-07-03 15:23:40,618 common_fun.py[line:17] INFO get screenshot application failed
2020-07-03 15:23:41,415 loginView.py[line:16] INFO ============login_action==============
2020-07-03 15:23:41,415 loginView.py[line:17] INFO username is:admin
2020-07-07 09:14:49,780 loginView.py[line:16] INFO ============login_action==============
2020-07-07 09:14:51,191 loginView.py[line:17] INFO username is:admin
2020-07-07 09:14:51,646 loginView.py[line:20] INFO password is:123456
2020-07-07 09:14:51,738 loginView.py[line:23] INFO click loginBtn
2020-07-07 09:15:02,547 loginView.py[line:25] INFO login finished!
2020-07-07 09:15:02,547 loginView.py[line:37] INFO ====check_loginStatus======
2020-07-07 09:15:02,624 loginView.py[line:46] INFO login success!
2020-07-07 09:15:20,563 add_company.py[line:56] INFO 新增管护单位的责任主体名称是：1786
2020-07-07 09:15:46,499 test_sqdwbg.py[line:66] INFO Application_Failed!
2020-07-07 09:15:46,500 common_fun.py[line:17] INFO get screenshot application failed
2020-07-07 09:15:54,243 loginView.py[line:16] INFO ============login_action==============
2020-07-07 09:15:54,243 loginView.py[line:17] INFO username is:admin
2020-07-07 09:15:54,293 loginView.py[line:20] INFO password is:123456
2020-07-07 09:15:54,365 loginView.py[line:23] INFO click loginBtn
2020-07-07 09:16:01,641 loginView.py[line:25] INFO login finished!
2020-07-07 09:16:01,642 loginView.py[line:37] INFO ====check_loginStatus======
2020-07-07 09:16:01,663 loginView.py[line:46] INFO login success!
2020-07-07 09:16:15,280 add_company.py[line:56] INFO 新增管护单位的责任主体名称是：1207
2020-07-07 09:16:45,644 test_sqdwbg.py[line:53] INFO Application_Failed!
2020-07-07 09:16:45,644 common_fun.py[line:17] INFO get screenshot application failed
2020-07-07 09:21:08,407 loginView.py[line:16] INFO ============login_action==============
2020-07-07 09:21:08,407 loginView.py[line:17] INFO username is:admin
2020-07-07 09:21:08,461 loginView.py[line:20] INFO password is:123456
2020-07-07 09:21:08,533 loginView.py[line:23] INFO click loginBtn
2020-07-07 09:21:16,618 loginView.py[line:25] INFO login finished!
2020-07-07 09:21:16,618 loginView.py[line:37] INFO ====check_loginStatus======
2020-07-07 09:21:16,641 loginView.py[line:46] INFO login success!
2020-07-07 09:21:30,559 add_company.py[line:56] INFO 新增管护单位的责任主体名称是：1476
2020-07-07 09:21:56,917 test_sqdwbg.py[line:66] INFO Application_Failed!
2020-07-07 09:21:56,917 common_fun.py[line:17] INFO get screenshot application failed
2020-07-07 09:22:07,279 loginView.py[line:16] INFO ============login_action==============
2020-07-07 09:22:07,279 loginView.py[line:17] INFO username is:admin
2020-07-07 09:22:07,329 loginView.py[line:20] INFO password is:123456
2020-07-07 09:22:07,397 loginView.py[line:23] INFO click loginBtn
2020-07-07 09:22:14,641 loginView.py[line:25] INFO login finished!
2020-07-07 09:22:14,641 loginView.py[line:37] INFO ====check_loginStatus======
2020-07-07 09:22:14,660 loginView.py[line:46] INFO login success!
2020-07-07 09:22:27,746 add_company.py[line:56] INFO 新增管护单位的责任主体名称是：1281
2020-07-07 09:22:57,869 test_sqdwbg.py[line:53] INFO Application_Failed!
2020-07-07 09:22:57,869 common_fun.py[line:17] INFO get screenshot application failed
2020-07-07 10:12:15,066 loginView.py[line:16] INFO ============login_action==============
2020-07-07 10:12:15,068 loginView.py[line:17] INFO username is:admin
2020-07-07 10:12:15,121 loginView.py[line:20] INFO password is:123456
2020-07-07 10:12:15,197 loginView.py[line:23] INFO click loginBtn
2020-07-07 10:12:22,684 loginView.py[line:25] INFO login finished!
2020-07-07 10:12:22,684 loginView.py[line:37] INFO ====check_loginStatus======
2020-07-07 10:12:22,703 loginView.py[line:46] INFO login success!
2020-07-07 10:12:35,573 add_company.py[line:56] INFO 新增管护单位的责任主体名称是：1709
2020-07-07 10:13:01,546 test_sqdwbg.py[line:66] INFO Application_Failed!
2020-07-07 10:13:01,546 common_fun.py[line:17] INFO get screenshot application failed
2020-07-07 10:13:09,667 loginView.py[line:16] INFO ============login_action==============
2020-07-07 10:13:09,667 loginView.py[line:17] INFO username is:admin
2020-07-07 10:13:09,717 loginView.py[line:20] INFO password is:123456
2020-07-07 10:13:09,782 loginView.py[line:23] INFO click loginBtn
2020-07-07 10:13:18,211 loginView.py[line:25] INFO login finished!
2020-07-07 10:13:18,211 loginView.py[line:37] INFO ====check_loginStatus======
2020-07-07 10:13:18,233 loginView.py[line:46] INFO login success!
2020-07-07 10:13:31,328 add_company.py[line:56] INFO 新增管护单位的责任主体名称是：1454
2020-07-07 10:14:01,551 test_sqdwbg.py[line:53] INFO Application_Failed!
2020-07-07 10:14:01,551 common_fun.py[line:17] INFO get screenshot application failed
2020-07-07 10:42:36,388 loginView.py[line:16] INFO ============login_action==============
2020-07-07 10:42:36,388 loginView.py[line:17] INFO username is:admin
2020-07-07 10:42:36,470 loginView.py[line:20] INFO password is:123456
2020-07-07 10:42:36,552 loginView.py[line:23] INFO click loginBtn
2020-07-07 10:42:48,158 loginView.py[line:25] INFO login finished!
2020-07-07 10:42:48,158 loginView.py[line:37] INFO ====check_loginStatus======
2020-07-07 10:42:48,335 loginView.py[line:46] INFO login success!
2020-07-07 10:43:01,842 add_company.py[line:56] INFO 新增管护单位的责任主体名称是：1573
2020-07-07 10:43:28,003 test_sqdwbg.py[line:66] INFO Application_Failed!
2020-07-07 10:43:28,003 common_fun.py[line:17] INFO get screenshot application failed
2020-07-07 10:43:36,469 loginView.py[line:16] INFO ============login_action==============
2020-07-07 10:43:36,469 loginView.py[line:17] INFO username is:admin
2020-07-07 10:43:36,522 loginView.py[line:20] INFO password is:123456
2020-07-07 10:43:36,588 loginView.py[line:23] INFO click loginBtn
2020-07-07 10:43:43,704 loginView.py[line:25] INFO login finished!
2020-07-07 10:43:43,704 loginView.py[line:37] INFO ====check_loginStatus======
2020-07-07 10:43:43,762 loginView.py[line:46] INFO login success!
2020-07-07 10:43:56,852 add_company.py[line:56] INFO 新增管护单位的责任主体名称是：1093
2020-07-07 10:44:27,046 test_sqdwbg.py[line:53] INFO Application_Failed!
2020-07-07 10:44:27,046 common_fun.py[line:17] INFO get screenshot application failed
